2023-11-12 08:11:53,032 - __main__.py:159 - INFO - Main started.
2023-11-12 08:11:53,033 - producer.py:26 - INFO - MessageProducer started.
2023-11-12 08:11:53,034 - sender.py:33 - INFO - MessageSender started.
2023-11-12 08:11:53,034 - sender.py:33 - INFO - MessageSender started.
2023-11-12 08:11:53,034 - sender.py:33 - INFO - MessageSender started.
2023-11-12 08:11:53,035 - progressmonitor.py:26 - INFO - ProgressMonitor started.
2023-11-12 08:11:53,046 - sender.py:48 - WARNING - Message sending failed.
2023-11-12 08:11:53,057 - sender.py:48 - WARNING - Message sending failed.
2023-11-12 08:11:53,084 - sender.py:48 - WARNING - Message sending failed.
2023-11-12 08:11:53,118 - sender.py:48 - WARNING - Message sending failed.
2023-11-12 08:11:53,146 - sender.py:48 - WARNING - Message sending failed.
2023-11-12 08:11:53,167 - sender.py:48 - WARNING - Message sending failed.
2023-11-12 08:11:53,191 - sender.py:48 - WARNING - Message sending failed.
2023-11-12 08:11:53,275 - sender.py:48 - WARNING - Message sending failed.
2023-11-12 08:11:53,297 - sender.py:48 - WARNING - Message sending failed.
2023-11-12 08:11:53,331 - sender.py:48 - WARNING - Message sending failed.
2023-11-12 08:11:53,356 - sender.py:48 - WARNING - Message sending failed.
2023-11-12 08:11:53,380 - sender.py:48 - WARNING - Message sending failed.
2023-11-12 08:11:53,394 - sender.py:48 - WARNING - Message sending failed.
2023-11-12 08:11:53,417 - sender.py:48 - WARNING - Message sending failed.
2023-11-12 08:11:53,524 - sender.py:48 - WARNING - Message sending failed.
2023-11-12 08:11:53,536 - sender.py:48 - WARNING - Message sending failed.
2023-11-12 08:11:53,586 - sender.py:48 - WARNING - Message sending failed.
2023-11-12 08:11:53,685 - sender.py:48 - WARNING - Message sending failed.
2023-11-12 08:11:53,784 - sender.py:48 - WARNING - Message sending failed.
2023-11-12 08:11:53,821 - sender.py:48 - WARNING - Message sending failed.
2023-11-12 08:11:53,867 - sender.py:48 - WARNING - Message sending failed.
2023-11-12 08:11:53,878 - sender.py:48 - WARNING - Message sending failed.
2023-11-12 08:11:53,890 - sender.py:48 - WARNING - Message sending failed.
2023-11-12 08:11:53,941 - sender.py:48 - WARNING - Message sending failed.
2023-11-12 08:11:54,025 - sender.py:48 - WARNING - Message sending failed.
2023-11-12 08:11:54,051 - sender.py:48 - WARNING - Message sending failed.
2023-11-12 08:11:54,085 - sender.py:48 - WARNING - Message sending failed.
2023-11-12 08:11:54,097 - sender.py:48 - WARNING - Message sending failed.
2023-11-12 08:11:54,218 - sender.py:48 - WARNING - Message sending failed.
2023-11-12 08:11:54,315 - sender.py:48 - WARNING - Message sending failed.
2023-11-12 08:11:54,378 - sender.py:48 - WARNING - Message sending failed.
2023-11-12 08:11:54,387 - sender.py:48 - WARNING - Message sending failed.
2023-11-12 08:11:54,433 - sender.py:48 - WARNING - Message sending failed.
2023-11-12 08:11:54,461 - sender.py:48 - WARNING - Message sending failed.
2023-11-12 08:11:54,524 - sender.py:48 - WARNING - Message sending failed.
2023-11-12 08:11:54,671 - sender.py:48 - WARNING - Message sending failed.
2023-11-12 08:11:54,695 - sender.py:48 - WARNING - Message sending failed.
2023-11-12 08:11:54,706 - sender.py:48 - WARNING - Message sending failed.
2023-11-12 08:11:54,735 - sender.py:48 - WARNING - Message sending failed.
2023-11-12 08:11:54,742 - sender.py:48 - WARNING - Message sending failed.
2023-11-12 08:11:54,767 - sender.py:48 - WARNING - Message sending failed.
2023-11-12 08:11:54,805 - sender.py:48 - WARNING - Message sending failed.
2023-11-12 08:11:54,817 - sender.py:48 - WARNING - Message sending failed.
2023-11-12 08:11:54,851 - sender.py:48 - WARNING - Message sending failed.
2023-11-12 08:11:54,878 - sender.py:48 - WARNING - Message sending failed.
2023-11-12 08:11:54,891 - sender.py:48 - WARNING - Message sending failed.
2023-11-12 08:11:54,926 - sender.py:48 - WARNING - Message sending failed.
2023-11-12 08:11:54,987 - sender.py:48 - WARNING - Message sending failed.
2023-11-12 08:11:55,063 - sender.py:48 - WARNING - Message sending failed.
2023-11-12 08:11:55,146 - sender.py:48 - WARNING - Message sending failed.
2023-11-12 08:11:55,163 - sender.py:48 - WARNING - Message sending failed.
2023-11-12 08:11:55,199 - sender.py:48 - WARNING - Message sending failed.
2023-11-12 08:11:55,210 - sender.py:48 - WARNING - Message sending failed.
2023-11-12 08:11:55,225 - sender.py:48 - WARNING - Message sending failed.
2023-11-12 08:11:55,239 - sender.py:48 - WARNING - Message sending failed.
2023-11-12 08:11:55,362 - sender.py:48 - WARNING - Message sending failed.
2023-11-12 08:11:55,435 - sender.py:48 - WARNING - Message sending failed.
2023-11-12 08:11:55,716 - sender.py:48 - WARNING - Message sending failed.
2023-11-12 08:11:55,740 - sender.py:48 - WARNING - Message sending failed.
2023-11-12 08:11:55,853 - sender.py:48 - WARNING - Message sending failed.
2023-11-12 08:11:55,862 - sender.py:48 - WARNING - Message sending failed.
2023-11-12 08:11:55,900 - sender.py:48 - WARNING - Message sending failed.
2023-11-12 08:11:55,972 - sender.py:48 - WARNING - Message sending failed.
2023-11-12 08:11:55,998 - sender.py:48 - WARNING - Message sending failed.
2023-11-12 08:11:56,045 - sender.py:48 - WARNING - Message sending failed.
2023-11-12 08:11:56,059 - sender.py:48 - WARNING - Message sending failed.
2023-11-12 08:11:56,130 - sender.py:48 - WARNING - Message sending failed.
2023-11-12 08:11:56,141 - sender.py:48 - WARNING - Message sending failed.
2023-11-12 08:11:56,289 - sender.py:48 - WARNING - Message sending failed.
2023-11-12 08:11:56,385 - sender.py:48 - WARNING - Message sending failed.
2023-11-12 08:11:56,399 - sender.py:48 - WARNING - Message sending failed.
2023-11-12 08:11:56,412 - sender.py:48 - WARNING - Message sending failed.
2023-11-12 08:11:56,471 - sender.py:48 - WARNING - Message sending failed.
2023-11-12 08:11:56,532 - sender.py:48 - WARNING - Message sending failed.
2023-11-12 08:11:56,544 - sender.py:48 - WARNING - Message sending failed.
2023-11-12 08:11:56,593 - sender.py:48 - WARNING - Message sending failed.
2023-11-12 08:11:56,691 - sender.py:48 - WARNING - Message sending failed.
2023-11-12 08:11:56,706 - sender.py:48 - WARNING - Message sending failed.
2023-11-12 08:11:56,726 - sender.py:48 - WARNING - Message sending failed.
2023-11-12 08:11:56,799 - sender.py:48 - WARNING - Message sending failed.
2023-11-12 08:11:56,812 - sender.py:48 - WARNING - Message sending failed.
2023-11-12 08:11:56,848 - sender.py:48 - WARNING - Message sending failed.
2023-11-12 08:11:56,858 - sender.py:48 - WARNING - Message sending failed.
2023-11-12 08:11:56,894 - sender.py:48 - WARNING - Message sending failed.
2023-11-12 08:11:56,908 - sender.py:48 - WARNING - Message sending failed.
2023-11-12 08:11:57,161 - sender.py:48 - WARNING - Message sending failed.
2023-11-12 08:11:57,198 - sender.py:48 - WARNING - Message sending failed.
2023-11-12 08:11:57,210 - sender.py:48 - WARNING - Message sending failed.
2023-11-12 08:11:57,222 - sender.py:48 - WARNING - Message sending failed.
2023-11-12 08:11:57,234 - sender.py:48 - WARNING - Message sending failed.
2023-11-12 08:11:57,247 - sender.py:48 - WARNING - Message sending failed.
2023-11-12 08:11:57,270 - sender.py:48 - WARNING - Message sending failed.
2023-11-12 08:11:57,278 - sender.py:48 - WARNING - Message sending failed.
2023-11-12 08:11:57,343 - sender.py:48 - WARNING - Message sending failed.
2023-11-12 08:11:57,354 - sender.py:48 - WARNING - Message sending failed.
2023-11-12 08:11:57,366 - sender.py:48 - WARNING - Message sending failed.
2023-11-12 08:11:57,403 - sender.py:48 - WARNING - Message sending failed.
2023-11-12 08:11:57,427 - sender.py:48 - WARNING - Message sending failed.
2023-11-12 08:11:57,451 - sender.py:48 - WARNING - Message sending failed.
2023-11-12 08:11:57,487 - sender.py:48 - WARNING - Message sending failed.
2023-11-12 08:11:57,511 - sender.py:48 - WARNING - Message sending failed.
2023-11-12 08:11:57,546 - sender.py:48 - WARNING - Message sending failed.
2023-11-12 08:11:57,595 - sender.py:48 - WARNING - Message sending failed.
2023-11-12 08:11:57,620 - sender.py:48 - WARNING - Message sending failed.
2023-11-12 08:11:57,681 - sender.py:48 - WARNING - Message sending failed.
2023-11-12 08:11:57,692 - sender.py:48 - WARNING - Message sending failed.
2023-11-12 08:11:57,747 - sender.py:48 - WARNING - Message sending failed.
2023-11-12 08:11:57,787 - sender.py:48 - WARNING - Message sending failed.
2023-11-12 08:11:57,827 - sender.py:48 - WARNING - Message sending failed.
2023-11-12 08:11:57,862 - sender.py:48 - WARNING - Message sending failed.
2023-11-12 08:11:57,872 - sender.py:48 - WARNING - Message sending failed.
2023-11-12 08:11:57,887 - sender.py:48 - WARNING - Message sending failed.
2023-11-12 08:11:57,961 - sender.py:48 - WARNING - Message sending failed.
2023-11-12 08:11:57,974 - sender.py:48 - WARNING - Message sending failed.
2023-11-12 08:11:57,996 - sender.py:48 - WARNING - Message sending failed.
2023-11-12 08:11:58,024 - sender.py:48 - WARNING - Message sending failed.
2023-11-12 08:11:58,060 - sender.py:48 - WARNING - Message sending failed.
2023-11-12 08:11:58,073 - sender.py:48 - WARNING - Message sending failed.
2023-11-12 08:11:58,099 - sender.py:48 - WARNING - Message sending failed.
2023-11-12 08:11:58,110 - sender.py:48 - WARNING - Message sending failed.
2023-11-12 08:11:58,135 - sender.py:48 - WARNING - Message sending failed.
2023-11-12 08:11:58,196 - sender.py:48 - WARNING - Message sending failed.
2023-11-12 08:11:58,209 - sender.py:48 - WARNING - Message sending failed.
2023-11-12 08:11:58,230 - sender.py:48 - WARNING - Message sending failed.
2023-11-12 08:11:58,301 - sender.py:48 - WARNING - Message sending failed.
2023-11-12 08:11:58,376 - sender.py:48 - WARNING - Message sending failed.
2023-11-12 08:11:58,437 - sender.py:48 - WARNING - Message sending failed.
2023-11-12 08:11:58,486 - sender.py:48 - WARNING - Message sending failed.
2023-11-12 08:11:58,511 - sender.py:48 - WARNING - Message sending failed.
2023-11-12 08:11:58,535 - sender.py:48 - WARNING - Message sending failed.
2023-11-12 08:11:58,548 - sender.py:48 - WARNING - Message sending failed.
2023-11-12 08:11:58,575 - sender.py:48 - WARNING - Message sending failed.
2023-11-12 08:11:58,607 - sender.py:48 - WARNING - Message sending failed.
2023-11-12 08:11:58,682 - sender.py:48 - WARNING - Message sending failed.
2023-11-12 08:11:58,717 - sender.py:48 - WARNING - Message sending failed.
2023-11-12 08:11:58,754 - sender.py:48 - WARNING - Message sending failed.
2023-11-12 08:11:58,777 - sender.py:48 - WARNING - Message sending failed.
2023-11-12 08:11:58,802 - sender.py:48 - WARNING - Message sending failed.
2023-11-12 08:11:58,826 - sender.py:48 - WARNING - Message sending failed.
2023-11-12 08:11:58,877 - sender.py:48 - WARNING - Message sending failed.
2023-11-12 08:11:58,928 - sender.py:48 - WARNING - Message sending failed.
2023-11-12 08:11:59,000 - sender.py:48 - WARNING - Message sending failed.
2023-11-12 08:11:59,026 - sender.py:48 - WARNING - Message sending failed.
2023-11-12 08:11:59,039 - sender.py:48 - WARNING - Message sending failed.
2023-11-12 08:11:59,073 - sender.py:48 - WARNING - Message sending failed.
2023-11-12 08:11:59,122 - sender.py:48 - WARNING - Message sending failed.
2023-11-12 08:11:59,147 - sender.py:48 - WARNING - Message sending failed.
2023-11-12 08:11:59,159 - sender.py:48 - WARNING - Message sending failed.
2023-11-12 08:11:59,181 - sender.py:48 - WARNING - Message sending failed.
2023-11-12 08:11:59,210 - sender.py:48 - WARNING - Message sending failed.
2023-11-12 08:11:59,271 - sender.py:48 - WARNING - Message sending failed.
2023-11-12 08:11:59,307 - sender.py:48 - WARNING - Message sending failed.
2023-11-12 08:11:59,355 - sender.py:48 - WARNING - Message sending failed.
2023-11-12 08:11:59,443 - sender.py:48 - WARNING - Message sending failed.
2023-11-12 08:11:59,454 - sender.py:48 - WARNING - Message sending failed.
2023-11-12 08:11:59,479 - sender.py:48 - WARNING - Message sending failed.
2023-11-12 08:11:59,539 - sender.py:48 - WARNING - Message sending failed.
2023-11-12 08:11:59,611 - sender.py:48 - WARNING - Message sending failed.
2023-11-12 08:11:59,694 - sender.py:48 - WARNING - Message sending failed.
2023-11-12 08:11:59,705 - sender.py:48 - WARNING - Message sending failed.
2023-11-12 08:11:59,727 - sender.py:48 - WARNING - Message sending failed.
2023-11-12 08:11:59,792 - sender.py:48 - WARNING - Message sending failed.
2023-11-12 08:11:59,829 - sender.py:48 - WARNING - Message sending failed.
2023-11-12 08:11:59,842 - sender.py:48 - WARNING - Message sending failed.
2023-11-12 08:11:59,914 - sender.py:48 - WARNING - Message sending failed.
2023-11-12 08:11:59,962 - sender.py:48 - WARNING - Message sending failed.
2023-11-12 08:11:59,974 - sender.py:48 - WARNING - Message sending failed.
2023-11-12 08:12:00,000 - sender.py:48 - WARNING - Message sending failed.
2023-11-12 08:12:00,012 - sender.py:48 - WARNING - Message sending failed.
2023-11-12 08:12:00,047 - sender.py:48 - WARNING - Message sending failed.
2023-11-12 08:12:00,071 - sender.py:48 - WARNING - Message sending failed.
2023-11-12 08:12:00,084 - sender.py:48 - WARNING - Message sending failed.
2023-11-12 08:12:00,106 - sender.py:48 - WARNING - Message sending failed.
2023-11-12 08:12:00,134 - sender.py:48 - WARNING - Message sending failed.
2023-11-12 08:12:00,184 - sender.py:48 - WARNING - Message sending failed.
2023-11-12 08:12:00,197 - sender.py:48 - WARNING - Message sending failed.
2023-11-12 08:12:00,254 - sender.py:48 - WARNING - Message sending failed.
2023-11-12 08:12:00,267 - sender.py:48 - WARNING - Message sending failed.
2023-11-12 08:12:00,281 - sender.py:48 - WARNING - Message sending failed.
2023-11-12 08:12:00,307 - sender.py:48 - WARNING - Message sending failed.
2023-11-12 08:12:00,402 - sender.py:48 - WARNING - Message sending failed.
2023-11-12 08:12:00,449 - sender.py:48 - WARNING - Message sending failed.
2023-11-12 08:12:00,502 - sender.py:48 - WARNING - Message sending failed.
2023-11-12 08:12:00,513 - sender.py:48 - WARNING - Message sending failed.
2023-11-12 08:12:00,524 - sender.py:48 - WARNING - Message sending failed.
2023-11-12 08:12:00,575 - sender.py:48 - WARNING - Message sending failed.
2023-11-12 08:12:00,610 - sender.py:48 - WARNING - Message sending failed.
2023-11-12 08:12:00,634 - sender.py:48 - WARNING - Message sending failed.
2023-11-12 08:12:00,662 - sender.py:48 - WARNING - Message sending failed.
2023-11-12 08:12:00,716 - sender.py:48 - WARNING - Message sending failed.
2023-11-12 08:12:00,726 - sender.py:48 - WARNING - Message sending failed.
2023-11-12 08:12:00,789 - sender.py:48 - WARNING - Message sending failed.
2023-11-12 08:12:00,827 - sender.py:48 - WARNING - Message sending failed.
2023-11-12 08:12:00,863 - sender.py:48 - WARNING - Message sending failed.
2023-11-12 08:12:00,901 - sender.py:48 - WARNING - Message sending failed.
2023-11-12 08:12:00,950 - sender.py:48 - WARNING - Message sending failed.
2023-11-12 08:12:01,033 - sender.py:48 - WARNING - Message sending failed.
2023-11-12 08:12:01,143 - sender.py:48 - WARNING - Message sending failed.
2023-11-12 08:12:01,166 - sender.py:48 - WARNING - Message sending failed.
2023-11-12 08:12:01,177 - sender.py:48 - WARNING - Message sending failed.
2023-11-12 08:12:01,300 - sender.py:48 - WARNING - Message sending failed.
2023-11-12 08:12:01,325 - sender.py:48 - WARNING - Message sending failed.
2023-11-12 08:12:01,362 - sender.py:48 - WARNING - Message sending failed.
2023-11-12 08:12:01,459 - sender.py:48 - WARNING - Message sending failed.
2023-11-12 08:12:01,494 - sender.py:48 - WARNING - Message sending failed.
2023-11-12 08:12:01,531 - sender.py:48 - WARNING - Message sending failed.
2023-11-12 08:12:01,618 - sender.py:48 - WARNING - Message sending failed.
2023-11-12 08:12:01,642 - sender.py:48 - WARNING - Message sending failed.
2023-11-12 08:12:01,656 - sender.py:48 - WARNING - Message sending failed.
2023-11-12 08:12:01,800 - sender.py:48 - WARNING - Message sending failed.
2023-11-12 08:12:01,877 - sender.py:48 - WARNING - Message sending failed.
2023-11-12 08:12:01,889 - sender.py:48 - WARNING - Message sending failed.
2023-11-12 08:12:01,938 - sender.py:48 - WARNING - Message sending failed.
2023-11-12 08:12:01,953 - sender.py:48 - WARNING - Message sending failed.
2023-11-12 08:12:01,975 - sender.py:48 - WARNING - Message sending failed.
2023-11-12 08:12:01,987 - sender.py:48 - WARNING - Message sending failed.
2023-11-12 08:12:02,049 - sender.py:48 - WARNING - Message sending failed.
2023-11-12 08:12:02,062 - sender.py:48 - WARNING - Message sending failed.
2023-11-12 08:12:02,087 - sender.py:48 - WARNING - Message sending failed.
2023-11-12 08:12:02,111 - sender.py:48 - WARNING - Message sending failed.
2023-11-12 08:12:02,160 - sender.py:48 - WARNING - Message sending failed.
2023-11-12 08:12:02,204 - sender.py:48 - WARNING - Message sending failed.
2023-11-12 08:12:02,220 - sender.py:48 - WARNING - Message sending failed.
2023-11-12 08:12:02,242 - sender.py:48 - WARNING - Message sending failed.
2023-11-12 08:12:02,316 - sender.py:48 - WARNING - Message sending failed.
2023-11-12 08:12:02,354 - sender.py:48 - WARNING - Message sending failed.
2023-11-12 08:12:02,387 - sender.py:48 - WARNING - Message sending failed.
2023-11-12 08:12:02,448 - sender.py:48 - WARNING - Message sending failed.
2023-11-12 08:12:02,483 - sender.py:48 - WARNING - Message sending failed.
2023-11-12 08:12:02,508 - sender.py:48 - WARNING - Message sending failed.
2023-11-12 08:12:02,522 - sender.py:48 - WARNING - Message sending failed.
2023-11-12 08:12:02,546 - sender.py:48 - WARNING - Message sending failed.
2023-11-12 08:12:02,558 - sender.py:48 - WARNING - Message sending failed.
2023-11-12 08:12:02,572 - sender.py:48 - WARNING - Message sending failed.
2023-11-12 08:12:02,584 - sender.py:48 - WARNING - Message sending failed.
2023-11-12 08:12:02,597 - sender.py:48 - WARNING - Message sending failed.
2023-11-12 08:12:02,645 - sender.py:48 - WARNING - Message sending failed.
2023-11-12 08:12:02,690 - sender.py:48 - WARNING - Message sending failed.
2023-11-12 08:12:02,801 - sender.py:48 - WARNING - Message sending failed.
2023-11-12 08:12:02,842 - sender.py:48 - WARNING - Message sending failed.
2023-11-12 08:12:02,864 - sender.py:48 - WARNING - Message sending failed.
2023-11-12 08:12:02,888 - sender.py:48 - WARNING - Message sending failed.
2023-11-12 08:12:02,948 - sender.py:48 - WARNING - Message sending failed.
2023-11-12 08:12:02,982 - sender.py:48 - WARNING - Message sending failed.
2023-11-12 08:12:02,996 - sender.py:48 - WARNING - Message sending failed.
2023-11-12 08:12:03,019 - sender.py:48 - WARNING - Message sending failed.
2023-11-12 08:12:03,056 - sender.py:48 - WARNING - Message sending failed.
2023-11-12 08:12:03,227 - sender.py:48 - WARNING - Message sending failed.
2023-11-12 08:12:03,338 - sender.py:48 - WARNING - Message sending failed.
2023-11-12 08:12:03,388 - sender.py:48 - WARNING - Message sending failed.
2023-11-12 08:12:03,425 - sender.py:48 - WARNING - Message sending failed.
2023-11-12 08:12:03,436 - sender.py:48 - WARNING - Message sending failed.
2023-11-12 08:12:03,459 - sender.py:48 - WARNING - Message sending failed.
2023-11-12 08:12:03,472 - sender.py:48 - WARNING - Message sending failed.
2023-11-12 08:12:03,508 - sender.py:48 - WARNING - Message sending failed.
2023-11-12 08:12:03,545 - sender.py:48 - WARNING - Message sending failed.
2023-11-12 08:12:03,580 - sender.py:48 - WARNING - Message sending failed.
2023-11-12 08:12:03,667 - sender.py:48 - WARNING - Message sending failed.
2023-11-12 08:12:03,680 - sender.py:48 - WARNING - Message sending failed.
2023-11-12 08:12:03,691 - sender.py:48 - WARNING - Message sending failed.
2023-11-12 08:12:03,775 - sender.py:48 - WARNING - Message sending failed.
2023-11-12 08:12:03,786 - sender.py:48 - WARNING - Message sending failed.
2023-11-12 08:12:03,898 - sender.py:48 - WARNING - Message sending failed.
2023-11-12 08:12:03,968 - sender.py:48 - WARNING - Message sending failed.
2023-11-12 08:12:03,997 - sender.py:48 - WARNING - Message sending failed.
2023-11-12 08:12:04,007 - sender.py:48 - WARNING - Message sending failed.
2023-11-12 08:12:04,019 - sender.py:48 - WARNING - Message sending failed.
2023-11-12 08:12:04,080 - sender.py:48 - WARNING - Message sending failed.
2023-11-12 08:12:04,103 - sender.py:48 - WARNING - Message sending failed.
2023-11-12 08:12:04,167 - sender.py:48 - WARNING - Message sending failed.
2023-11-12 08:12:04,193 - sender.py:48 - WARNING - Message sending failed.
2023-11-12 08:12:04,202 - sender.py:48 - WARNING - Message sending failed.
2023-11-12 08:12:04,251 - sender.py:48 - WARNING - Message sending failed.
2023-11-12 08:12:04,315 - sender.py:48 - WARNING - Message sending failed.
2023-11-12 08:12:04,325 - sender.py:48 - WARNING - Message sending failed.
2023-11-12 08:12:04,338 - sender.py:48 - WARNING - Message sending failed.
2023-11-12 08:12:04,373 - sender.py:48 - WARNING - Message sending failed.
2023-11-12 08:12:04,384 - sender.py:48 - WARNING - Message sending failed.
2023-11-12 08:12:04,418 - sender.py:48 - WARNING - Message sending failed.
2023-11-12 08:12:04,464 - sender.py:48 - WARNING - Message sending failed.
2023-11-12 08:12:04,516 - sender.py:48 - WARNING - Message sending failed.
2023-11-12 08:12:04,648 - sender.py:48 - WARNING - Message sending failed.
2023-11-12 08:12:04,743 - sender.py:48 - WARNING - Message sending failed.
2023-11-12 08:12:04,791 - sender.py:48 - WARNING - Message sending failed.
2023-11-12 08:12:04,937 - sender.py:48 - WARNING - Message sending failed.
2023-11-12 08:12:05,075 - sender.py:48 - WARNING - Message sending failed.
2023-11-12 08:12:05,083 - sender.py:48 - WARNING - Message sending failed.
2023-11-12 08:12:05,236 - producer.py:38 - INFO - MessageProducer completed.
2023-11-12 08:12:05,237 - sender.py:55 - INFO - MessageSender completed.
2023-11-12 08:12:05,237 - sender.py:55 - INFO - MessageSender completed.
2023-11-12 08:12:05,237 - sender.py:55 - INFO - MessageSender completed.
2023-11-12 08:12:05,243 - progressmonitor.py:64 - INFO - All sender threads have completed processing.
2023-11-12 08:12:05,243 - progressmonitor.py:67 - INFO - ProgressMonitor completed.
2023-11-12 08:14:03,620 - __main__.py:215 - INFO - Main completed.
