2023-11-12 11:48:04,364 - __main__.py:159 - INFO - Main started.
2023-11-12 11:48:04,366 - producer.py:26 - INFO - MessageProducer started.
2023-11-12 11:48:04,366 - sender.py:33 - INFO - MessageSender started.
2023-11-12 11:48:04,367 - sender.py:33 - INFO - MessageSender started.
2023-11-12 11:48:04,367 - sender.py:33 - INFO - MessageSender started.
2023-11-12 11:48:04,367 - progressmonitor.py:27 - INFO - ProgressMonitor started.
2023-11-12 11:48:04,458 - sender.py:48 - WARNING - Message sending failed.
2023-11-12 11:48:04,495 - sender.py:48 - WARNING - Message sending failed.
2023-11-12 11:48:04,520 - sender.py:48 - WARNING - Message sending failed.
2023-11-12 11:48:04,547 - sender.py:48 - WARNING - Message sending failed.
2023-11-12 11:48:04,558 - sender.py:48 - WARNING - Message sending failed.
2023-11-12 11:48:04,617 - sender.py:48 - WARNING - Message sending failed.
2023-11-12 11:48:04,656 - sender.py:48 - WARNING - Message sending failed.
2023-11-12 11:48:04,679 - sender.py:48 - WARNING - Message sending failed.
2023-11-12 11:48:04,742 - sender.py:48 - WARNING - Message sending failed.
2023-11-12 11:48:04,751 - sender.py:48 - WARNING - Message sending failed.
2023-11-12 11:48:04,762 - sender.py:48 - WARNING - Message sending failed.
2023-11-12 11:48:04,788 - sender.py:48 - WARNING - Message sending failed.
2023-11-12 11:48:04,823 - sender.py:48 - WARNING - Message sending failed.
2023-11-12 11:48:04,863 - sender.py:48 - WARNING - Message sending failed.
2023-11-12 11:48:04,919 - sender.py:48 - WARNING - Message sending failed.
2023-11-12 11:48:04,978 - sender.py:48 - WARNING - Message sending failed.
2023-11-12 11:48:05,003 - sender.py:48 - WARNING - Message sending failed.
2023-11-12 11:48:05,029 - sender.py:48 - WARNING - Message sending failed.
2023-11-12 11:48:05,041 - sender.py:48 - WARNING - Message sending failed.
2023-11-12 11:48:05,060 - sender.py:48 - WARNING - Message sending failed.
2023-11-12 11:48:05,109 - sender.py:48 - WARNING - Message sending failed.
2023-11-12 11:48:05,230 - sender.py:48 - WARNING - Message sending failed.
2023-11-12 11:48:05,256 - sender.py:48 - WARNING - Message sending failed.
2023-11-12 11:48:05,265 - sender.py:48 - WARNING - Message sending failed.
2023-11-12 11:48:05,287 - sender.py:48 - WARNING - Message sending failed.
2023-11-12 11:48:05,312 - sender.py:48 - WARNING - Message sending failed.
2023-11-12 11:48:05,321 - sender.py:48 - WARNING - Message sending failed.
2023-11-12 11:48:05,333 - sender.py:48 - WARNING - Message sending failed.
2023-11-12 11:48:05,359 - sender.py:48 - WARNING - Message sending failed.
2023-11-12 11:48:05,382 - sender.py:48 - WARNING - Message sending failed.
2023-11-12 11:48:05,444 - sender.py:48 - WARNING - Message sending failed.
2023-11-12 11:48:05,500 - sender.py:48 - WARNING - Message sending failed.
2023-11-12 11:48:05,525 - sender.py:48 - WARNING - Message sending failed.
2023-11-12 11:48:05,549 - sender.py:48 - WARNING - Message sending failed.
2023-11-12 11:48:05,562 - sender.py:48 - WARNING - Message sending failed.
2023-11-12 11:48:05,852 - sender.py:48 - WARNING - Message sending failed.
2023-11-12 11:48:05,867 - sender.py:48 - WARNING - Message sending failed.
2023-11-12 11:48:05,937 - sender.py:48 - WARNING - Message sending failed.
2023-11-12 11:48:05,985 - sender.py:48 - WARNING - Message sending failed.
2023-11-12 11:48:06,031 - sender.py:48 - WARNING - Message sending failed.
2023-11-12 11:48:06,044 - sender.py:48 - WARNING - Message sending failed.
2023-11-12 11:48:06,069 - sender.py:48 - WARNING - Message sending failed.
2023-11-12 11:48:06,091 - sender.py:48 - WARNING - Message sending failed.
2023-11-12 11:48:06,130 - sender.py:48 - WARNING - Message sending failed.
2023-11-12 11:48:06,142 - sender.py:48 - WARNING - Message sending failed.
2023-11-12 11:48:06,174 - sender.py:48 - WARNING - Message sending failed.
2023-11-12 11:48:06,186 - sender.py:48 - WARNING - Message sending failed.
2023-11-12 11:48:06,269 - sender.py:48 - WARNING - Message sending failed.
2023-11-12 11:48:06,342 - sender.py:48 - WARNING - Message sending failed.
2023-11-12 11:48:06,402 - sender.py:48 - WARNING - Message sending failed.
2023-11-12 11:48:06,441 - sender.py:48 - WARNING - Message sending failed.
2023-11-12 11:48:06,452 - sender.py:48 - WARNING - Message sending failed.
2023-11-12 11:48:06,478 - sender.py:48 - WARNING - Message sending failed.
2023-11-12 11:48:06,551 - sender.py:48 - WARNING - Message sending failed.
2023-11-12 11:48:06,623 - sender.py:48 - WARNING - Message sending failed.
2023-11-12 11:48:06,649 - sender.py:48 - WARNING - Message sending failed.
2023-11-12 11:48:06,720 - sender.py:48 - WARNING - Message sending failed.
2023-11-12 11:48:06,744 - sender.py:48 - WARNING - Message sending failed.
2023-11-12 11:48:06,755 - sender.py:48 - WARNING - Message sending failed.
2023-11-12 11:48:06,825 - sender.py:48 - WARNING - Message sending failed.
2023-11-12 11:48:06,860 - sender.py:48 - WARNING - Message sending failed.
2023-11-12 11:48:06,872 - sender.py:48 - WARNING - Message sending failed.
2023-11-12 11:48:06,885 - sender.py:48 - WARNING - Message sending failed.
2023-11-12 11:48:06,922 - sender.py:48 - WARNING - Message sending failed.
2023-11-12 11:48:06,947 - sender.py:48 - WARNING - Message sending failed.
2023-11-12 11:48:07,056 - sender.py:48 - WARNING - Message sending failed.
2023-11-12 11:48:07,126 - sender.py:48 - WARNING - Message sending failed.
2023-11-12 11:48:07,164 - sender.py:48 - WARNING - Message sending failed.
2023-11-12 11:48:07,213 - sender.py:48 - WARNING - Message sending failed.
2023-11-12 11:48:07,248 - sender.py:48 - WARNING - Message sending failed.
2023-11-12 11:48:07,296 - sender.py:48 - WARNING - Message sending failed.
2023-11-12 11:48:07,318 - sender.py:48 - WARNING - Message sending failed.
2023-11-12 11:48:07,343 - sender.py:48 - WARNING - Message sending failed.
2023-11-12 11:48:07,357 - sender.py:48 - WARNING - Message sending failed.
2023-11-12 11:48:07,393 - sender.py:48 - WARNING - Message sending failed.
2023-11-12 11:48:07,526 - sender.py:48 - WARNING - Message sending failed.
2023-11-12 11:48:07,537 - sender.py:48 - WARNING - Message sending failed.
2023-11-12 11:48:07,548 - sender.py:48 - WARNING - Message sending failed.
2023-11-12 11:48:07,624 - sender.py:48 - WARNING - Message sending failed.
2023-11-12 11:48:07,683 - sender.py:48 - WARNING - Message sending failed.
2023-11-12 11:48:07,694 - sender.py:48 - WARNING - Message sending failed.
2023-11-12 11:48:07,853 - sender.py:48 - WARNING - Message sending failed.
2023-11-12 11:48:07,962 - sender.py:48 - WARNING - Message sending failed.
2023-11-12 11:48:08,032 - sender.py:48 - WARNING - Message sending failed.
2023-11-12 11:48:08,045 - sender.py:48 - WARNING - Message sending failed.
2023-11-12 11:48:08,070 - sender.py:48 - WARNING - Message sending failed.
2023-11-12 11:48:08,094 - sender.py:48 - WARNING - Message sending failed.
2023-11-12 11:48:08,156 - sender.py:48 - WARNING - Message sending failed.
2023-11-12 11:48:08,165 - sender.py:48 - WARNING - Message sending failed.
2023-11-12 11:48:08,338 - sender.py:48 - WARNING - Message sending failed.
2023-11-12 11:48:08,347 - sender.py:48 - WARNING - Message sending failed.
2023-11-12 11:48:08,359 - sender.py:48 - WARNING - Message sending failed.
2023-11-12 11:48:08,373 - sender.py:48 - WARNING - Message sending failed.
2023-11-12 11:48:08,407 - sender.py:48 - WARNING - Message sending failed.
2023-11-12 11:48:08,422 - sender.py:48 - WARNING - Message sending failed.
2023-11-12 11:48:08,494 - sender.py:48 - WARNING - Message sending failed.
2023-11-12 11:48:08,509 - sender.py:48 - WARNING - Message sending failed.
2023-11-12 11:48:08,544 - sender.py:48 - WARNING - Message sending failed.
2023-11-12 11:48:08,568 - sender.py:48 - WARNING - Message sending failed.
2023-11-12 11:48:08,592 - sender.py:48 - WARNING - Message sending failed.
2023-11-12 11:48:08,652 - sender.py:48 - WARNING - Message sending failed.
2023-11-12 11:48:08,668 - sender.py:48 - WARNING - Message sending failed.
2023-11-12 11:48:08,676 - sender.py:48 - WARNING - Message sending failed.
2023-11-12 11:48:08,707 - sender.py:48 - WARNING - Message sending failed.
2023-11-12 11:48:08,785 - sender.py:48 - WARNING - Message sending failed.
2023-11-12 11:48:08,858 - sender.py:48 - WARNING - Message sending failed.
2023-11-12 11:48:08,884 - sender.py:48 - WARNING - Message sending failed.
2023-11-12 11:48:08,943 - sender.py:48 - WARNING - Message sending failed.
2023-11-12 11:48:09,002 - sender.py:48 - WARNING - Message sending failed.
2023-11-12 11:48:09,086 - sender.py:48 - WARNING - Message sending failed.
2023-11-12 11:48:09,125 - sender.py:48 - WARNING - Message sending failed.
2023-11-12 11:48:09,161 - sender.py:48 - WARNING - Message sending failed.
2023-11-12 11:48:09,231 - sender.py:48 - WARNING - Message sending failed.
2023-11-12 11:48:09,284 - sender.py:48 - WARNING - Message sending failed.
2023-11-12 11:48:09,302 - sender.py:48 - WARNING - Message sending failed.
2023-11-12 11:48:09,382 - sender.py:48 - WARNING - Message sending failed.
2023-11-12 11:48:09,398 - sender.py:48 - WARNING - Message sending failed.
2023-11-12 11:48:09,491 - sender.py:48 - WARNING - Message sending failed.
2023-11-12 11:48:09,658 - sender.py:48 - WARNING - Message sending failed.
2023-11-12 11:48:09,788 - sender.py:48 - WARNING - Message sending failed.
2023-11-12 11:48:09,799 - sender.py:48 - WARNING - Message sending failed.
2023-11-12 11:48:09,835 - sender.py:48 - WARNING - Message sending failed.
2023-11-12 11:48:09,847 - sender.py:48 - WARNING - Message sending failed.
2023-11-12 11:48:09,896 - sender.py:48 - WARNING - Message sending failed.
2023-11-12 11:48:09,909 - sender.py:48 - WARNING - Message sending failed.
2023-11-12 11:48:10,016 - sender.py:48 - WARNING - Message sending failed.
2023-11-12 11:48:10,089 - sender.py:48 - WARNING - Message sending failed.
2023-11-12 11:48:10,114 - sender.py:48 - WARNING - Message sending failed.
2023-11-12 11:48:10,125 - sender.py:48 - WARNING - Message sending failed.
2023-11-12 11:48:10,158 - sender.py:48 - WARNING - Message sending failed.
2023-11-12 11:48:10,196 - sender.py:48 - WARNING - Message sending failed.
2023-11-12 11:48:10,289 - sender.py:48 - WARNING - Message sending failed.
2023-11-12 11:48:10,300 - sender.py:48 - WARNING - Message sending failed.
2023-11-12 11:48:10,312 - sender.py:48 - WARNING - Message sending failed.
2023-11-12 11:48:10,335 - sender.py:48 - WARNING - Message sending failed.
2023-11-12 11:48:10,346 - sender.py:48 - WARNING - Message sending failed.
2023-11-12 11:48:10,421 - sender.py:48 - WARNING - Message sending failed.
2023-11-12 11:48:10,443 - sender.py:48 - WARNING - Message sending failed.
2023-11-12 11:48:10,500 - sender.py:48 - WARNING - Message sending failed.
2023-11-12 11:48:10,514 - sender.py:48 - WARNING - Message sending failed.
2023-11-12 11:48:10,549 - sender.py:48 - WARNING - Message sending failed.
2023-11-12 11:48:10,599 - sender.py:48 - WARNING - Message sending failed.
2023-11-12 11:48:10,684 - sender.py:48 - WARNING - Message sending failed.
2023-11-12 11:48:10,768 - sender.py:48 - WARNING - Message sending failed.
2023-11-12 11:48:10,797 - sender.py:48 - WARNING - Message sending failed.
2023-11-12 11:48:10,842 - sender.py:48 - WARNING - Message sending failed.
2023-11-12 11:48:10,864 - sender.py:48 - WARNING - Message sending failed.
2023-11-12 11:48:10,874 - sender.py:48 - WARNING - Message sending failed.
2023-11-12 11:48:10,911 - sender.py:48 - WARNING - Message sending failed.
2023-11-12 11:48:10,923 - sender.py:48 - WARNING - Message sending failed.
2023-11-12 11:48:10,937 - sender.py:48 - WARNING - Message sending failed.
2023-11-12 11:48:11,013 - sender.py:48 - WARNING - Message sending failed.
2023-11-12 11:48:11,115 - sender.py:48 - WARNING - Message sending failed.
2023-11-12 11:48:11,136 - sender.py:48 - WARNING - Message sending failed.
2023-11-12 11:48:11,159 - sender.py:48 - WARNING - Message sending failed.
2023-11-12 11:48:11,211 - sender.py:48 - WARNING - Message sending failed.
2023-11-12 11:48:11,235 - sender.py:48 - WARNING - Message sending failed.
2023-11-12 11:48:11,272 - sender.py:48 - WARNING - Message sending failed.
2023-11-12 11:48:11,283 - sender.py:48 - WARNING - Message sending failed.
2023-11-12 11:48:11,307 - sender.py:48 - WARNING - Message sending failed.
2023-11-12 11:48:11,333 - sender.py:48 - WARNING - Message sending failed.
2023-11-12 11:48:11,344 - sender.py:48 - WARNING - Message sending failed.
2023-11-12 11:48:11,400 - sender.py:48 - WARNING - Message sending failed.
2023-11-12 11:48:11,436 - sender.py:48 - WARNING - Message sending failed.
2023-11-12 11:48:11,449 - sender.py:48 - WARNING - Message sending failed.
2023-11-12 11:48:11,520 - sender.py:48 - WARNING - Message sending failed.
2023-11-12 11:48:11,545 - sender.py:48 - WARNING - Message sending failed.
2023-11-12 11:48:11,556 - sender.py:48 - WARNING - Message sending failed.
2023-11-12 11:48:11,582 - sender.py:48 - WARNING - Message sending failed.
2023-11-12 11:48:11,591 - sender.py:48 - WARNING - Message sending failed.
2023-11-12 11:48:11,690 - sender.py:48 - WARNING - Message sending failed.
2023-11-12 11:48:11,709 - sender.py:48 - WARNING - Message sending failed.
2023-11-12 11:48:11,750 - sender.py:48 - WARNING - Message sending failed.
2023-11-12 11:48:11,777 - sender.py:48 - WARNING - Message sending failed.
2023-11-12 11:48:11,897 - sender.py:48 - WARNING - Message sending failed.
2023-11-12 11:48:11,909 - sender.py:48 - WARNING - Message sending failed.
2023-11-12 11:48:11,922 - sender.py:48 - WARNING - Message sending failed.
2023-11-12 11:48:11,954 - sender.py:48 - WARNING - Message sending failed.
2023-11-12 11:48:11,993 - sender.py:48 - WARNING - Message sending failed.
2023-11-12 11:48:12,009 - sender.py:48 - WARNING - Message sending failed.
2023-11-12 11:48:12,017 - sender.py:48 - WARNING - Message sending failed.
2023-11-12 11:48:12,088 - sender.py:48 - WARNING - Message sending failed.
2023-11-12 11:48:12,128 - sender.py:48 - WARNING - Message sending failed.
2023-11-12 11:48:12,153 - sender.py:48 - WARNING - Message sending failed.
2023-11-12 11:48:12,188 - sender.py:48 - WARNING - Message sending failed.
2023-11-12 11:48:12,238 - sender.py:48 - WARNING - Message sending failed.
2023-11-12 11:48:12,294 - sender.py:48 - WARNING - Message sending failed.
2023-11-12 11:48:12,467 - sender.py:48 - WARNING - Message sending failed.
2023-11-12 11:48:12,480 - sender.py:48 - WARNING - Message sending failed.
2023-11-12 11:48:12,527 - sender.py:48 - WARNING - Message sending failed.
2023-11-12 11:48:12,550 - sender.py:48 - WARNING - Message sending failed.
2023-11-12 11:48:12,582 - sender.py:48 - WARNING - Message sending failed.
2023-11-12 11:48:12,595 - sender.py:48 - WARNING - Message sending failed.
2023-11-12 11:48:12,620 - sender.py:48 - WARNING - Message sending failed.
2023-11-12 11:48:12,771 - sender.py:48 - WARNING - Message sending failed.
2023-11-12 11:48:12,807 - sender.py:48 - WARNING - Message sending failed.
2023-11-12 11:48:12,814 - sender.py:48 - WARNING - Message sending failed.
2023-11-12 11:48:12,827 - sender.py:48 - WARNING - Message sending failed.
2023-11-12 11:48:12,874 - sender.py:48 - WARNING - Message sending failed.
2023-11-12 11:48:12,887 - sender.py:48 - WARNING - Message sending failed.
2023-11-12 11:48:12,899 - sender.py:48 - WARNING - Message sending failed.
2023-11-12 11:48:12,935 - sender.py:48 - WARNING - Message sending failed.
2023-11-12 11:48:13,024 - sender.py:48 - WARNING - Message sending failed.
2023-11-12 11:48:13,099 - sender.py:48 - WARNING - Message sending failed.
2023-11-12 11:48:13,124 - sender.py:48 - WARNING - Message sending failed.
2023-11-12 11:48:13,147 - sender.py:48 - WARNING - Message sending failed.
2023-11-12 11:48:13,184 - sender.py:48 - WARNING - Message sending failed.
2023-11-12 11:48:13,233 - sender.py:48 - WARNING - Message sending failed.
2023-11-12 11:48:13,241 - sender.py:48 - WARNING - Message sending failed.
2023-11-12 11:48:13,268 - sender.py:48 - WARNING - Message sending failed.
2023-11-12 11:48:13,281 - sender.py:48 - WARNING - Message sending failed.
2023-11-12 11:48:13,355 - sender.py:48 - WARNING - Message sending failed.
2023-11-12 11:48:13,367 - sender.py:48 - WARNING - Message sending failed.
2023-11-12 11:48:13,494 - sender.py:48 - WARNING - Message sending failed.
2023-11-12 11:48:13,531 - sender.py:48 - WARNING - Message sending failed.
2023-11-12 11:48:13,580 - sender.py:48 - WARNING - Message sending failed.
2023-11-12 11:48:13,661 - sender.py:48 - WARNING - Message sending failed.
2023-11-12 11:48:13,685 - sender.py:48 - WARNING - Message sending failed.
2023-11-12 11:48:13,746 - sender.py:48 - WARNING - Message sending failed.
2023-11-12 11:48:13,783 - sender.py:48 - WARNING - Message sending failed.
2023-11-12 11:48:13,893 - sender.py:48 - WARNING - Message sending failed.
2023-11-12 11:48:13,916 - sender.py:48 - WARNING - Message sending failed.
2023-11-12 11:48:13,967 - sender.py:48 - WARNING - Message sending failed.
2023-11-12 11:48:14,048 - sender.py:48 - WARNING - Message sending failed.
2023-11-12 11:48:14,123 - sender.py:48 - WARNING - Message sending failed.
2023-11-12 11:48:14,172 - sender.py:48 - WARNING - Message sending failed.
2023-11-12 11:48:14,209 - sender.py:48 - WARNING - Message sending failed.
2023-11-12 11:48:14,246 - sender.py:48 - WARNING - Message sending failed.
2023-11-12 11:48:14,292 - sender.py:48 - WARNING - Message sending failed.
2023-11-12 11:48:14,417 - sender.py:48 - WARNING - Message sending failed.
2023-11-12 11:48:14,427 - sender.py:48 - WARNING - Message sending failed.
2023-11-12 11:48:14,442 - sender.py:48 - WARNING - Message sending failed.
2023-11-12 11:48:14,503 - sender.py:48 - WARNING - Message sending failed.
2023-11-12 11:48:14,526 - sender.py:48 - WARNING - Message sending failed.
2023-11-12 11:48:14,557 - sender.py:48 - WARNING - Message sending failed.
2023-11-12 11:48:14,568 - sender.py:48 - WARNING - Message sending failed.
2023-11-12 11:48:14,618 - sender.py:48 - WARNING - Message sending failed.
2023-11-12 11:48:14,657 - sender.py:48 - WARNING - Message sending failed.
2023-11-12 11:48:14,667 - sender.py:48 - WARNING - Message sending failed.
2023-11-12 11:48:14,752 - sender.py:48 - WARNING - Message sending failed.
2023-11-12 11:48:14,790 - sender.py:48 - WARNING - Message sending failed.
2023-11-12 11:48:14,829 - sender.py:48 - WARNING - Message sending failed.
2023-11-12 11:48:14,852 - sender.py:48 - WARNING - Message sending failed.
2023-11-12 11:48:14,904 - sender.py:48 - WARNING - Message sending failed.
2023-11-12 11:48:14,928 - sender.py:48 - WARNING - Message sending failed.
2023-11-12 11:48:14,941 - sender.py:48 - WARNING - Message sending failed.
2023-11-12 11:48:14,952 - sender.py:48 - WARNING - Message sending failed.
2023-11-12 11:48:14,967 - sender.py:48 - WARNING - Message sending failed.
2023-11-12 11:48:14,977 - sender.py:48 - WARNING - Message sending failed.
2023-11-12 11:48:15,006 - sender.py:48 - WARNING - Message sending failed.
2023-11-12 11:48:15,052 - sender.py:48 - WARNING - Message sending failed.
2023-11-12 11:48:15,065 - sender.py:48 - WARNING - Message sending failed.
2023-11-12 11:48:15,114 - sender.py:48 - WARNING - Message sending failed.
2023-11-12 11:48:15,125 - sender.py:48 - WARNING - Message sending failed.
2023-11-12 11:48:15,137 - sender.py:48 - WARNING - Message sending failed.
2023-11-12 11:48:15,237 - sender.py:48 - WARNING - Message sending failed.
2023-11-12 11:48:15,254 - sender.py:48 - WARNING - Message sending failed.
2023-11-12 11:48:15,297 - sender.py:48 - WARNING - Message sending failed.
2023-11-12 11:48:15,323 - sender.py:48 - WARNING - Message sending failed.
2023-11-12 11:48:15,361 - sender.py:48 - WARNING - Message sending failed.
2023-11-12 11:48:15,376 - sender.py:48 - WARNING - Message sending failed.
2023-11-12 11:48:15,523 - sender.py:48 - WARNING - Message sending failed.
2023-11-12 11:48:15,531 - sender.py:48 - WARNING - Message sending failed.
2023-11-12 11:48:15,545 - sender.py:48 - WARNING - Message sending failed.
2023-11-12 11:48:15,557 - sender.py:48 - WARNING - Message sending failed.
2023-11-12 11:48:15,589 - sender.py:48 - WARNING - Message sending failed.
2023-11-12 11:48:15,608 - sender.py:48 - WARNING - Message sending failed.
2023-11-12 11:48:15,645 - sender.py:48 - WARNING - Message sending failed.
2023-11-12 11:48:15,730 - sender.py:48 - WARNING - Message sending failed.
2023-11-12 11:48:15,764 - sender.py:48 - WARNING - Message sending failed.
2023-11-12 11:48:15,787 - sender.py:48 - WARNING - Message sending failed.
2023-11-12 11:48:15,801 - sender.py:48 - WARNING - Message sending failed.
2023-11-12 11:48:15,894 - sender.py:48 - WARNING - Message sending failed.
2023-11-12 11:48:15,930 - sender.py:48 - WARNING - Message sending failed.
2023-11-12 11:48:16,059 - sender.py:48 - WARNING - Message sending failed.
2023-11-12 11:48:16,066 - sender.py:48 - WARNING - Message sending failed.
2023-11-12 11:48:16,078 - sender.py:48 - WARNING - Message sending failed.
2023-11-12 11:48:16,150 - sender.py:48 - WARNING - Message sending failed.
2023-11-12 11:48:16,183 - sender.py:48 - WARNING - Message sending failed.
2023-11-12 11:48:16,228 - sender.py:48 - WARNING - Message sending failed.
2023-11-12 11:48:16,253 - sender.py:48 - WARNING - Message sending failed.
2023-11-12 11:48:16,376 - sender.py:48 - WARNING - Message sending failed.
2023-11-12 11:48:16,400 - sender.py:48 - WARNING - Message sending failed.
2023-11-12 11:48:16,414 - sender.py:48 - WARNING - Message sending failed.
2023-11-12 11:48:16,429 - sender.py:48 - WARNING - Message sending failed.
2023-11-12 11:48:16,461 - sender.py:48 - WARNING - Message sending failed.
2023-11-12 11:48:16,498 - sender.py:48 - WARNING - Message sending failed.
2023-11-12 11:48:16,509 - sender.py:48 - WARNING - Message sending failed.
2023-11-12 11:48:16,518 - sender.py:48 - WARNING - Message sending failed.
2023-11-12 11:48:16,580 - sender.py:48 - WARNING - Message sending failed.
2023-11-12 11:48:16,619 - sender.py:48 - WARNING - Message sending failed.
2023-11-12 11:48:16,642 - producer.py:38 - INFO - MessageProducer completed.
2023-11-12 11:48:16,642 - sender.py:55 - INFO - MessageSender completed.
2023-11-12 11:48:16,642 - sender.py:55 - INFO - MessageSender completed.
2023-11-12 11:48:16,642 - sender.py:55 - INFO - MessageSender completed.
2023-11-12 11:48:16,654 - progressmonitor.py:72 - INFO - All sender threads have completed processing.
2023-11-12 11:48:16,654 - progressmonitor.py:75 - INFO - ProgressMonitor completed.
2023-11-12 12:18:44,876 - __main__.py:215 - INFO - Main completed.
