2023-11-12 11:44:10,343 - __main__.py:159 - INFO - Main started.
2023-11-12 11:44:10,357 - producer.py:26 - INFO - MessageProducer started.
2023-11-12 11:44:10,358 - sender.py:33 - INFO - MessageSender started.
2023-11-12 11:44:10,358 - sender.py:33 - INFO - MessageSender started.
2023-11-12 11:44:10,358 - sender.py:33 - INFO - MessageSender started.
2023-11-12 11:44:10,358 - progressmonitor.py:27 - INFO - ProgressMonitor started.
2023-11-12 11:44:10,529 - sender.py:48 - WARNING - Message sending failed.
2023-11-12 11:44:10,685 - sender.py:48 - WARNING - Message sending failed.
2023-11-12 11:44:10,719 - sender.py:48 - WARNING - Message sending failed.
2023-11-12 11:44:10,780 - sender.py:48 - WARNING - Message sending failed.
2023-11-12 11:44:10,952 - sender.py:48 - WARNING - Message sending failed.
2023-11-12 11:44:11,021 - sender.py:48 - WARNING - Message sending failed.
2023-11-12 11:44:11,108 - sender.py:48 - WARNING - Message sending failed.
2023-11-12 11:44:11,119 - sender.py:48 - WARNING - Message sending failed.
2023-11-12 11:44:11,142 - sender.py:48 - WARNING - Message sending failed.
2023-11-12 11:44:11,181 - sender.py:48 - WARNING - Message sending failed.
2023-11-12 11:44:11,230 - sender.py:48 - WARNING - Message sending failed.
2023-11-12 11:44:11,256 - sender.py:48 - WARNING - Message sending failed.
2023-11-12 11:44:11,268 - sender.py:48 - WARNING - Message sending failed.
2023-11-12 11:44:11,281 - sender.py:48 - WARNING - Message sending failed.
2023-11-12 11:44:11,306 - sender.py:48 - WARNING - Message sending failed.
2023-11-12 11:44:11,367 - sender.py:48 - WARNING - Message sending failed.
2023-11-12 11:44:11,379 - sender.py:48 - WARNING - Message sending failed.
2023-11-12 11:44:11,392 - sender.py:48 - WARNING - Message sending failed.
2023-11-12 11:44:11,416 - sender.py:48 - WARNING - Message sending failed.
2023-11-12 11:44:11,501 - sender.py:48 - WARNING - Message sending failed.
2023-11-12 11:44:11,547 - sender.py:48 - WARNING - Message sending failed.
2023-11-12 11:44:11,571 - sender.py:48 - WARNING - Message sending failed.
2023-11-12 11:44:11,596 - sender.py:48 - WARNING - Message sending failed.
2023-11-12 11:44:11,732 - sender.py:48 - WARNING - Message sending failed.
2023-11-12 11:44:11,755 - sender.py:48 - WARNING - Message sending failed.
2023-11-12 11:44:11,768 - sender.py:48 - WARNING - Message sending failed.
2023-11-12 11:44:11,817 - sender.py:48 - WARNING - Message sending failed.
2023-11-12 11:44:11,961 - sender.py:48 - WARNING - Message sending failed.
2023-11-12 11:44:12,013 - sender.py:48 - WARNING - Message sending failed.
2023-11-12 11:44:12,037 - sender.py:48 - WARNING - Message sending failed.
2023-11-12 11:44:12,119 - sender.py:48 - WARNING - Message sending failed.
2023-11-12 11:44:12,205 - sender.py:48 - WARNING - Message sending failed.
2023-11-12 11:44:12,217 - sender.py:48 - WARNING - Message sending failed.
2023-11-12 11:44:12,303 - sender.py:48 - WARNING - Message sending failed.
2023-11-12 11:44:12,511 - sender.py:48 - WARNING - Message sending failed.
2023-11-12 11:44:12,536 - sender.py:48 - WARNING - Message sending failed.
2023-11-12 11:44:12,561 - sender.py:48 - WARNING - Message sending failed.
2023-11-12 11:44:12,586 - sender.py:48 - WARNING - Message sending failed.
2023-11-12 11:44:12,598 - sender.py:48 - WARNING - Message sending failed.
2023-11-12 11:44:12,611 - sender.py:48 - WARNING - Message sending failed.
2023-11-12 11:44:12,623 - sender.py:48 - WARNING - Message sending failed.
2023-11-12 11:44:12,645 - sender.py:48 - WARNING - Message sending failed.
2023-11-12 11:44:12,659 - sender.py:48 - WARNING - Message sending failed.
2023-11-12 11:44:12,718 - sender.py:48 - WARNING - Message sending failed.
2023-11-12 11:44:12,743 - sender.py:48 - WARNING - Message sending failed.
2023-11-12 11:44:12,771 - sender.py:48 - WARNING - Message sending failed.
2023-11-12 11:44:12,846 - sender.py:48 - WARNING - Message sending failed.
2023-11-12 11:44:12,882 - sender.py:48 - WARNING - Message sending failed.
2023-11-12 11:44:13,024 - sender.py:48 - WARNING - Message sending failed.
2023-11-12 11:44:13,110 - sender.py:48 - WARNING - Message sending failed.
2023-11-12 11:44:13,161 - sender.py:48 - WARNING - Message sending failed.
2023-11-12 11:44:13,220 - sender.py:48 - WARNING - Message sending failed.
2023-11-12 11:44:13,271 - sender.py:48 - WARNING - Message sending failed.
2023-11-12 11:44:13,320 - sender.py:48 - WARNING - Message sending failed.
2023-11-12 11:44:13,344 - sender.py:48 - WARNING - Message sending failed.
2023-11-12 11:44:13,394 - sender.py:48 - WARNING - Message sending failed.
2023-11-12 11:44:13,405 - sender.py:48 - WARNING - Message sending failed.
2023-11-12 11:44:13,415 - sender.py:48 - WARNING - Message sending failed.
2023-11-12 11:44:13,439 - sender.py:48 - WARNING - Message sending failed.
2023-11-12 11:44:13,465 - sender.py:48 - WARNING - Message sending failed.
2023-11-12 11:44:13,479 - sender.py:48 - WARNING - Message sending failed.
2023-11-12 11:44:13,490 - sender.py:48 - WARNING - Message sending failed.
2023-11-12 11:44:13,515 - sender.py:48 - WARNING - Message sending failed.
2023-11-12 11:44:13,540 - sender.py:48 - WARNING - Message sending failed.
2023-11-12 11:44:13,588 - sender.py:48 - WARNING - Message sending failed.
2023-11-12 11:44:13,608 - sender.py:48 - WARNING - Message sending failed.
2023-11-12 11:44:13,730 - sender.py:48 - WARNING - Message sending failed.
2023-11-12 11:44:13,790 - sender.py:48 - WARNING - Message sending failed.
2023-11-12 11:44:13,802 - sender.py:48 - WARNING - Message sending failed.
2023-11-12 11:44:13,831 - sender.py:48 - WARNING - Message sending failed.
2023-11-12 11:44:13,902 - sender.py:48 - WARNING - Message sending failed.
2023-11-12 11:44:13,914 - sender.py:48 - WARNING - Message sending failed.
2023-11-12 11:44:13,926 - sender.py:48 - WARNING - Message sending failed.
2023-11-12 11:44:14,021 - sender.py:48 - WARNING - Message sending failed.
2023-11-12 11:44:14,084 - sender.py:48 - WARNING - Message sending failed.
2023-11-12 11:44:14,124 - sender.py:48 - WARNING - Message sending failed.
2023-11-12 11:44:14,192 - sender.py:48 - WARNING - Message sending failed.
2023-11-12 11:44:14,219 - sender.py:48 - WARNING - Message sending failed.
2023-11-12 11:44:14,267 - sender.py:48 - WARNING - Message sending failed.
2023-11-12 11:44:14,280 - sender.py:48 - WARNING - Message sending failed.
2023-11-12 11:44:14,363 - sender.py:48 - WARNING - Message sending failed.
2023-11-12 11:44:14,388 - sender.py:48 - WARNING - Message sending failed.
2023-11-12 11:44:14,461 - sender.py:48 - WARNING - Message sending failed.
2023-11-12 11:44:14,560 - sender.py:48 - WARNING - Message sending failed.
2023-11-12 11:44:14,672 - sender.py:48 - WARNING - Message sending failed.
2023-11-12 11:44:14,695 - sender.py:48 - WARNING - Message sending failed.
2023-11-12 11:44:14,769 - sender.py:48 - WARNING - Message sending failed.
2023-11-12 11:44:14,855 - sender.py:48 - WARNING - Message sending failed.
2023-11-12 11:44:14,890 - sender.py:48 - WARNING - Message sending failed.
2023-11-12 11:44:14,915 - sender.py:48 - WARNING - Message sending failed.
2023-11-12 11:44:14,998 - sender.py:48 - WARNING - Message sending failed.
2023-11-12 11:44:15,011 - sender.py:48 - WARNING - Message sending failed.
2023-11-12 11:44:15,022 - sender.py:48 - WARNING - Message sending failed.
2023-11-12 11:44:15,046 - sender.py:48 - WARNING - Message sending failed.
2023-11-12 11:44:15,082 - sender.py:48 - WARNING - Message sending failed.
2023-11-12 11:44:15,145 - sender.py:48 - WARNING - Message sending failed.
2023-11-12 11:44:15,278 - sender.py:48 - WARNING - Message sending failed.
2023-11-12 11:44:15,338 - sender.py:48 - WARNING - Message sending failed.
2023-11-12 11:44:15,373 - sender.py:48 - WARNING - Message sending failed.
2023-11-12 11:44:15,455 - sender.py:48 - WARNING - Message sending failed.
2023-11-12 11:44:15,479 - sender.py:48 - WARNING - Message sending failed.
2023-11-12 11:44:15,502 - sender.py:48 - WARNING - Message sending failed.
2023-11-12 11:44:15,526 - sender.py:48 - WARNING - Message sending failed.
2023-11-12 11:44:15,573 - sender.py:48 - WARNING - Message sending failed.
2023-11-12 11:44:15,599 - sender.py:48 - WARNING - Message sending failed.
2023-11-12 11:44:15,623 - sender.py:48 - WARNING - Message sending failed.
2023-11-12 11:44:15,696 - sender.py:48 - WARNING - Message sending failed.
2023-11-12 11:44:15,706 - sender.py:48 - WARNING - Message sending failed.
2023-11-12 11:44:15,829 - sender.py:48 - WARNING - Message sending failed.
2023-11-12 11:44:15,853 - sender.py:48 - WARNING - Message sending failed.
2023-11-12 11:44:15,879 - sender.py:48 - WARNING - Message sending failed.
2023-11-12 11:44:15,906 - sender.py:48 - WARNING - Message sending failed.
2023-11-12 11:44:15,919 - sender.py:48 - WARNING - Message sending failed.
2023-11-12 11:44:15,927 - sender.py:48 - WARNING - Message sending failed.
2023-11-12 11:44:16,018 - sender.py:48 - WARNING - Message sending failed.
2023-11-12 11:44:16,044 - sender.py:48 - WARNING - Message sending failed.
2023-11-12 11:44:16,079 - sender.py:48 - WARNING - Message sending failed.
2023-11-12 11:44:16,139 - sender.py:48 - WARNING - Message sending failed.
2023-11-12 11:44:16,177 - sender.py:48 - WARNING - Message sending failed.
2023-11-12 11:44:16,292 - sender.py:48 - WARNING - Message sending failed.
2023-11-12 11:44:16,461 - sender.py:48 - WARNING - Message sending failed.
2023-11-12 11:44:16,483 - sender.py:48 - WARNING - Message sending failed.
2023-11-12 11:44:16,519 - sender.py:48 - WARNING - Message sending failed.
2023-11-12 11:44:16,528 - sender.py:48 - WARNING - Message sending failed.
2023-11-12 11:44:16,616 - sender.py:48 - WARNING - Message sending failed.
2023-11-12 11:44:16,629 - sender.py:48 - WARNING - Message sending failed.
2023-11-12 11:44:16,687 - sender.py:48 - WARNING - Message sending failed.
2023-11-12 11:44:16,735 - sender.py:48 - WARNING - Message sending failed.
2023-11-12 11:44:16,806 - sender.py:48 - WARNING - Message sending failed.
2023-11-12 11:44:16,832 - sender.py:48 - WARNING - Message sending failed.
2023-11-12 11:44:16,856 - sender.py:48 - WARNING - Message sending failed.
2023-11-12 11:44:16,903 - sender.py:48 - WARNING - Message sending failed.
2023-11-12 11:44:16,970 - sender.py:48 - WARNING - Message sending failed.
2023-11-12 11:44:17,019 - sender.py:48 - WARNING - Message sending failed.
2023-11-12 11:44:17,077 - sender.py:48 - WARNING - Message sending failed.
2023-11-12 11:44:17,097 - sender.py:48 - WARNING - Message sending failed.
2023-11-12 11:44:17,132 - sender.py:48 - WARNING - Message sending failed.
2023-11-12 11:44:17,179 - sender.py:48 - WARNING - Message sending failed.
2023-11-12 11:44:17,206 - sender.py:48 - WARNING - Message sending failed.
2023-11-12 11:44:17,225 - sender.py:48 - WARNING - Message sending failed.
2023-11-12 11:44:17,345 - sender.py:48 - WARNING - Message sending failed.
2023-11-12 11:44:17,395 - sender.py:48 - WARNING - Message sending failed.
2023-11-12 11:44:17,430 - sender.py:48 - WARNING - Message sending failed.
2023-11-12 11:44:17,442 - sender.py:48 - WARNING - Message sending failed.
2023-11-12 11:44:17,466 - sender.py:48 - WARNING - Message sending failed.
2023-11-12 11:44:17,535 - sender.py:48 - WARNING - Message sending failed.
2023-11-12 11:44:17,621 - sender.py:48 - WARNING - Message sending failed.
2023-11-12 11:44:17,632 - sender.py:48 - WARNING - Message sending failed.
2023-11-12 11:44:17,661 - sender.py:48 - WARNING - Message sending failed.
2023-11-12 11:44:17,685 - sender.py:48 - WARNING - Message sending failed.
2023-11-12 11:44:17,706 - sender.py:48 - WARNING - Message sending failed.
2023-11-12 11:44:17,742 - sender.py:48 - WARNING - Message sending failed.
2023-11-12 11:44:17,805 - sender.py:48 - WARNING - Message sending failed.
2023-11-12 11:44:17,861 - sender.py:48 - WARNING - Message sending failed.
2023-11-12 11:44:17,901 - sender.py:48 - WARNING - Message sending failed.
2023-11-12 11:44:17,935 - sender.py:48 - WARNING - Message sending failed.
2023-11-12 11:44:18,089 - sender.py:48 - WARNING - Message sending failed.
2023-11-12 11:44:18,137 - sender.py:48 - WARNING - Message sending failed.
2023-11-12 11:44:18,148 - sender.py:48 - WARNING - Message sending failed.
2023-11-12 11:44:18,170 - sender.py:48 - WARNING - Message sending failed.
2023-11-12 11:44:18,184 - sender.py:48 - WARNING - Message sending failed.
2023-11-12 11:44:18,193 - sender.py:48 - WARNING - Message sending failed.
2023-11-12 11:44:18,218 - sender.py:48 - WARNING - Message sending failed.
2023-11-12 11:44:18,228 - sender.py:48 - WARNING - Message sending failed.
2023-11-12 11:44:18,267 - sender.py:48 - WARNING - Message sending failed.
2023-11-12 11:44:18,281 - sender.py:48 - WARNING - Message sending failed.
2023-11-12 11:44:18,291 - sender.py:48 - WARNING - Message sending failed.
2023-11-12 11:44:18,329 - sender.py:48 - WARNING - Message sending failed.
2023-11-12 11:44:18,352 - sender.py:48 - WARNING - Message sending failed.
2023-11-12 11:44:18,440 - sender.py:48 - WARNING - Message sending failed.
2023-11-12 11:44:18,507 - sender.py:48 - WARNING - Message sending failed.
2023-11-12 11:44:18,519 - sender.py:48 - WARNING - Message sending failed.
2023-11-12 11:44:18,577 - sender.py:48 - WARNING - Message sending failed.
2023-11-12 11:44:18,611 - sender.py:48 - WARNING - Message sending failed.
2023-11-12 11:44:18,680 - sender.py:48 - WARNING - Message sending failed.
2023-11-12 11:44:18,692 - sender.py:48 - WARNING - Message sending failed.
2023-11-12 11:44:18,727 - sender.py:48 - WARNING - Message sending failed.
2023-11-12 11:44:18,822 - sender.py:48 - WARNING - Message sending failed.
2023-11-12 11:44:18,834 - sender.py:48 - WARNING - Message sending failed.
2023-11-12 11:44:18,847 - sender.py:48 - WARNING - Message sending failed.
2023-11-12 11:44:18,859 - sender.py:48 - WARNING - Message sending failed.
2023-11-12 11:44:18,872 - sender.py:48 - WARNING - Message sending failed.
2023-11-12 11:44:18,894 - sender.py:48 - WARNING - Message sending failed.
2023-11-12 11:44:18,921 - sender.py:48 - WARNING - Message sending failed.
2023-11-12 11:44:18,935 - sender.py:48 - WARNING - Message sending failed.
2023-11-12 11:44:18,969 - sender.py:48 - WARNING - Message sending failed.
2023-11-12 11:44:18,994 - sender.py:48 - WARNING - Message sending failed.
2023-11-12 11:44:19,017 - sender.py:48 - WARNING - Message sending failed.
2023-11-12 11:44:19,030 - sender.py:48 - WARNING - Message sending failed.
2023-11-12 11:44:19,102 - sender.py:48 - WARNING - Message sending failed.
2023-11-12 11:44:19,239 - sender.py:48 - WARNING - Message sending failed.
2023-11-12 11:44:19,397 - sender.py:48 - WARNING - Message sending failed.
2023-11-12 11:44:19,406 - sender.py:48 - WARNING - Message sending failed.
2023-11-12 11:44:19,468 - sender.py:48 - WARNING - Message sending failed.
2023-11-12 11:44:19,536 - sender.py:48 - WARNING - Message sending failed.
2023-11-12 11:44:19,561 - sender.py:48 - WARNING - Message sending failed.
2023-11-12 11:44:19,574 - sender.py:48 - WARNING - Message sending failed.
2023-11-12 11:44:19,583 - sender.py:48 - WARNING - Message sending failed.
2023-11-12 11:44:19,611 - sender.py:48 - WARNING - Message sending failed.
2023-11-12 11:44:19,621 - sender.py:48 - WARNING - Message sending failed.
2023-11-12 11:44:19,636 - sender.py:48 - WARNING - Message sending failed.
2023-11-12 11:44:19,707 - sender.py:48 - WARNING - Message sending failed.
2023-11-12 11:44:19,755 - sender.py:48 - WARNING - Message sending failed.
2023-11-12 11:44:19,793 - sender.py:48 - WARNING - Message sending failed.
2023-11-12 11:44:19,864 - sender.py:48 - WARNING - Message sending failed.
2023-11-12 11:44:19,887 - sender.py:48 - WARNING - Message sending failed.
2023-11-12 11:44:19,905 - sender.py:48 - WARNING - Message sending failed.
2023-11-12 11:44:19,948 - sender.py:48 - WARNING - Message sending failed.
2023-11-12 11:44:20,022 - sender.py:48 - WARNING - Message sending failed.
2023-11-12 11:44:20,130 - sender.py:48 - WARNING - Message sending failed.
2023-11-12 11:44:20,157 - sender.py:48 - WARNING - Message sending failed.
2023-11-12 11:44:20,218 - sender.py:48 - WARNING - Message sending failed.
2023-11-12 11:44:20,280 - sender.py:48 - WARNING - Message sending failed.
2023-11-12 11:44:20,317 - sender.py:48 - WARNING - Message sending failed.
2023-11-12 11:44:20,341 - sender.py:48 - WARNING - Message sending failed.
2023-11-12 11:44:20,424 - sender.py:48 - WARNING - Message sending failed.
2023-11-12 11:44:20,461 - sender.py:48 - WARNING - Message sending failed.
2023-11-12 11:44:20,485 - sender.py:48 - WARNING - Message sending failed.
2023-11-12 11:44:20,511 - sender.py:48 - WARNING - Message sending failed.
2023-11-12 11:44:20,523 - sender.py:48 - WARNING - Message sending failed.
2023-11-12 11:44:20,559 - sender.py:48 - WARNING - Message sending failed.
2023-11-12 11:44:20,655 - sender.py:48 - WARNING - Message sending failed.
2023-11-12 11:44:20,681 - sender.py:48 - WARNING - Message sending failed.
2023-11-12 11:44:20,691 - sender.py:48 - WARNING - Message sending failed.
2023-11-12 11:44:20,703 - sender.py:48 - WARNING - Message sending failed.
2023-11-12 11:44:20,741 - sender.py:48 - WARNING - Message sending failed.
2023-11-12 11:44:20,790 - sender.py:48 - WARNING - Message sending failed.
2023-11-12 11:44:20,959 - sender.py:48 - WARNING - Message sending failed.
2023-11-12 11:44:20,995 - sender.py:48 - WARNING - Message sending failed.
2023-11-12 11:44:21,008 - sender.py:48 - WARNING - Message sending failed.
2023-11-12 11:44:21,080 - sender.py:48 - WARNING - Message sending failed.
2023-11-12 11:44:21,118 - sender.py:48 - WARNING - Message sending failed.
2023-11-12 11:44:21,139 - sender.py:48 - WARNING - Message sending failed.
2023-11-12 11:44:21,151 - sender.py:48 - WARNING - Message sending failed.
2023-11-12 11:44:21,189 - sender.py:48 - WARNING - Message sending failed.
2023-11-12 11:44:21,212 - sender.py:48 - WARNING - Message sending failed.
2023-11-12 11:44:21,270 - sender.py:48 - WARNING - Message sending failed.
2023-11-12 11:44:21,308 - sender.py:48 - WARNING - Message sending failed.
2023-11-12 11:44:21,343 - sender.py:48 - WARNING - Message sending failed.
2023-11-12 11:44:21,371 - sender.py:48 - WARNING - Message sending failed.
2023-11-12 11:44:21,430 - sender.py:48 - WARNING - Message sending failed.
2023-11-12 11:44:21,441 - sender.py:48 - WARNING - Message sending failed.
2023-11-12 11:44:21,453 - sender.py:48 - WARNING - Message sending failed.
2023-11-12 11:44:21,576 - sender.py:48 - WARNING - Message sending failed.
2023-11-12 11:44:21,601 - sender.py:48 - WARNING - Message sending failed.
2023-11-12 11:44:21,663 - sender.py:48 - WARNING - Message sending failed.
2023-11-12 11:44:21,675 - sender.py:48 - WARNING - Message sending failed.
2023-11-12 11:44:21,723 - sender.py:48 - WARNING - Message sending failed.
2023-11-12 11:44:21,759 - sender.py:48 - WARNING - Message sending failed.
2023-11-12 11:44:21,807 - sender.py:48 - WARNING - Message sending failed.
2023-11-12 11:44:21,870 - sender.py:48 - WARNING - Message sending failed.
2023-11-12 11:44:21,883 - sender.py:48 - WARNING - Message sending failed.
2023-11-12 11:44:21,908 - sender.py:48 - WARNING - Message sending failed.
2023-11-12 11:44:21,942 - sender.py:48 - WARNING - Message sending failed.
2023-11-12 11:44:21,969 - sender.py:48 - WARNING - Message sending failed.
2023-11-12 11:44:21,979 - sender.py:48 - WARNING - Message sending failed.
2023-11-12 11:44:21,989 - sender.py:48 - WARNING - Message sending failed.
2023-11-12 11:44:22,003 - sender.py:48 - WARNING - Message sending failed.
2023-11-12 11:44:22,015 - sender.py:48 - WARNING - Message sending failed.
2023-11-12 11:44:22,101 - sender.py:48 - WARNING - Message sending failed.
2023-11-12 11:44:22,137 - sender.py:48 - WARNING - Message sending failed.
2023-11-12 11:44:22,183 - sender.py:48 - WARNING - Message sending failed.
2023-11-12 11:44:22,211 - sender.py:48 - WARNING - Message sending failed.
2023-11-12 11:44:22,432 - sender.py:48 - WARNING - Message sending failed.
2023-11-12 11:44:22,458 - sender.py:48 - WARNING - Message sending failed.
2023-11-12 11:44:22,469 - sender.py:48 - WARNING - Message sending failed.
2023-11-12 11:44:22,469 - producer.py:38 - INFO - MessageProducer completed.
2023-11-12 11:44:22,471 - sender.py:55 - INFO - MessageSender completed.
2023-11-12 11:44:22,471 - sender.py:55 - INFO - MessageSender completed.
2023-11-12 11:44:22,471 - sender.py:55 - INFO - MessageSender completed.
2023-11-12 11:44:22,485 - progressmonitor.py:72 - INFO - All sender threads have completed processing.
2023-11-12 11:44:22,485 - progressmonitor.py:75 - INFO - ProgressMonitor completed.
2023-11-12 11:44:22,486 - __main__.py:215 - INFO - Main completed.
