2023-11-12 12:18:48,602 - __main__.py:159 - INFO - Main started.
2023-11-12 12:18:48,604 - producer.py:26 - INFO - MessageProducer started.
2023-11-12 12:18:48,604 - sender.py:33 - INFO - MessageSender started.
2023-11-12 12:18:48,605 - sender.py:33 - INFO - MessageSender started.
2023-11-12 12:18:48,605 - sender.py:33 - INFO - MessageSender started.
2023-11-12 12:18:48,605 - progressmonitor.py:27 - INFO - ProgressMonitor started.
2023-11-12 12:18:48,620 - sender.py:48 - WARNING - Message sending failed.
2023-11-12 12:18:48,663 - sender.py:48 - WARNING - Message sending failed.
2023-11-12 12:18:48,702 - sender.py:48 - WARNING - Message sending failed.
2023-11-12 12:18:48,715 - sender.py:48 - WARNING - Message sending failed.
2023-11-12 12:18:48,765 - sender.py:48 - WARNING - Message sending failed.
2023-11-12 12:18:48,790 - sender.py:48 - WARNING - Message sending failed.
2023-11-12 12:18:48,802 - sender.py:48 - WARNING - Message sending failed.
2023-11-12 12:18:48,815 - sender.py:48 - WARNING - Message sending failed.
2023-11-12 12:18:48,902 - sender.py:48 - WARNING - Message sending failed.
2023-11-12 12:18:48,927 - sender.py:48 - WARNING - Message sending failed.
2023-11-12 12:18:48,989 - sender.py:48 - WARNING - Message sending failed.
2023-11-12 12:18:49,014 - sender.py:48 - WARNING - Message sending failed.
2023-11-12 12:18:49,037 - sender.py:48 - WARNING - Message sending failed.
2023-11-12 12:18:49,047 - sender.py:48 - WARNING - Message sending failed.
2023-11-12 12:18:49,072 - sender.py:48 - WARNING - Message sending failed.
2023-11-12 12:18:49,184 - sender.py:48 - WARNING - Message sending failed.
2023-11-12 12:18:49,234 - sender.py:48 - WARNING - Message sending failed.
2023-11-12 12:18:49,243 - sender.py:48 - WARNING - Message sending failed.
2023-11-12 12:18:49,269 - sender.py:48 - WARNING - Message sending failed.
2023-11-12 12:18:49,281 - sender.py:48 - WARNING - Message sending failed.
2023-11-12 12:18:49,307 - sender.py:48 - WARNING - Message sending failed.
2023-11-12 12:18:49,335 - sender.py:48 - WARNING - Message sending failed.
2023-11-12 12:18:49,355 - sender.py:48 - WARNING - Message sending failed.
2023-11-12 12:18:49,380 - sender.py:48 - WARNING - Message sending failed.
2023-11-12 12:18:49,440 - sender.py:48 - WARNING - Message sending failed.
2023-11-12 12:18:49,536 - sender.py:48 - WARNING - Message sending failed.
2023-11-12 12:18:49,572 - sender.py:48 - WARNING - Message sending failed.
2023-11-12 12:18:49,619 - sender.py:48 - WARNING - Message sending failed.
2023-11-12 12:18:49,659 - sender.py:48 - WARNING - Message sending failed.
2023-11-12 12:18:49,680 - sender.py:48 - WARNING - Message sending failed.
2023-11-12 12:18:49,696 - sender.py:48 - WARNING - Message sending failed.
2023-11-12 12:18:49,708 - sender.py:48 - WARNING - Message sending failed.
2023-11-12 12:18:49,719 - sender.py:48 - WARNING - Message sending failed.
2023-11-12 12:18:49,840 - sender.py:48 - WARNING - Message sending failed.
2023-11-12 12:18:49,865 - sender.py:48 - WARNING - Message sending failed.
2023-11-12 12:18:49,939 - sender.py:48 - WARNING - Message sending failed.
2023-11-12 12:18:49,952 - sender.py:48 - WARNING - Message sending failed.
2023-11-12 12:18:49,962 - sender.py:48 - WARNING - Message sending failed.
2023-11-12 12:18:50,033 - sender.py:48 - WARNING - Message sending failed.
2023-11-12 12:18:50,153 - sender.py:48 - WARNING - Message sending failed.
2023-11-12 12:18:50,177 - sender.py:48 - WARNING - Message sending failed.
2023-11-12 12:18:50,225 - sender.py:48 - WARNING - Message sending failed.
2023-11-12 12:18:50,248 - sender.py:48 - WARNING - Message sending failed.
2023-11-12 12:18:50,261 - sender.py:48 - WARNING - Message sending failed.
2023-11-12 12:18:50,320 - sender.py:48 - WARNING - Message sending failed.
2023-11-12 12:18:50,444 - sender.py:48 - WARNING - Message sending failed.
2023-11-12 12:18:50,489 - sender.py:48 - WARNING - Message sending failed.
2023-11-12 12:18:50,538 - sender.py:48 - WARNING - Message sending failed.
2023-11-12 12:18:50,573 - sender.py:48 - WARNING - Message sending failed.
2023-11-12 12:18:50,581 - sender.py:48 - WARNING - Message sending failed.
2023-11-12 12:18:50,596 - sender.py:48 - WARNING - Message sending failed.
2023-11-12 12:18:50,607 - sender.py:48 - WARNING - Message sending failed.
2023-11-12 12:18:50,642 - sender.py:48 - WARNING - Message sending failed.
2023-11-12 12:18:50,667 - sender.py:48 - WARNING - Message sending failed.
2023-11-12 12:18:50,692 - sender.py:48 - WARNING - Message sending failed.
2023-11-12 12:18:50,704 - sender.py:48 - WARNING - Message sending failed.
2023-11-12 12:18:50,729 - sender.py:48 - WARNING - Message sending failed.
2023-11-12 12:18:50,788 - sender.py:48 - WARNING - Message sending failed.
2023-11-12 12:18:50,860 - sender.py:48 - WARNING - Message sending failed.
2023-11-12 12:18:50,885 - sender.py:48 - WARNING - Message sending failed.
2023-11-12 12:18:50,908 - sender.py:48 - WARNING - Message sending failed.
2023-11-12 12:18:51,033 - sender.py:48 - WARNING - Message sending failed.
2023-11-12 12:18:51,119 - sender.py:48 - WARNING - Message sending failed.
2023-11-12 12:18:51,130 - sender.py:48 - WARNING - Message sending failed.
2023-11-12 12:18:51,140 - sender.py:48 - WARNING - Message sending failed.
2023-11-12 12:18:51,156 - sender.py:48 - WARNING - Message sending failed.
2023-11-12 12:18:51,164 - sender.py:48 - WARNING - Message sending failed.
2023-11-12 12:18:51,175 - sender.py:48 - WARNING - Message sending failed.
2023-11-12 12:18:51,213 - sender.py:48 - WARNING - Message sending failed.
2023-11-12 12:18:51,271 - sender.py:48 - WARNING - Message sending failed.
2023-11-12 12:18:51,416 - sender.py:48 - WARNING - Message sending failed.
2023-11-12 12:18:51,477 - sender.py:48 - WARNING - Message sending failed.
2023-11-12 12:18:51,534 - sender.py:48 - WARNING - Message sending failed.
2023-11-12 12:18:51,545 - sender.py:48 - WARNING - Message sending failed.
2023-11-12 12:18:51,558 - sender.py:48 - WARNING - Message sending failed.
2023-11-12 12:18:51,631 - sender.py:48 - WARNING - Message sending failed.
2023-11-12 12:18:51,643 - sender.py:48 - WARNING - Message sending failed.
2023-11-12 12:18:51,654 - sender.py:48 - WARNING - Message sending failed.
2023-11-12 12:18:51,676 - sender.py:48 - WARNING - Message sending failed.
2023-11-12 12:18:51,722 - sender.py:48 - WARNING - Message sending failed.
2023-11-12 12:18:51,759 - sender.py:48 - WARNING - Message sending failed.
2023-11-12 12:18:51,774 - sender.py:48 - WARNING - Message sending failed.
2023-11-12 12:18:51,797 - sender.py:48 - WARNING - Message sending failed.
2023-11-12 12:18:51,870 - sender.py:48 - WARNING - Message sending failed.
2023-11-12 12:18:51,931 - sender.py:48 - WARNING - Message sending failed.
2023-11-12 12:18:51,980 - sender.py:48 - WARNING - Message sending failed.
2023-11-12 12:18:52,028 - sender.py:48 - WARNING - Message sending failed.
2023-11-12 12:18:52,040 - sender.py:48 - WARNING - Message sending failed.
2023-11-12 12:18:52,078 - sender.py:48 - WARNING - Message sending failed.
2023-11-12 12:18:52,088 - sender.py:48 - WARNING - Message sending failed.
2023-11-12 12:18:52,103 - sender.py:48 - WARNING - Message sending failed.
2023-11-12 12:18:52,128 - sender.py:48 - WARNING - Message sending failed.
2023-11-12 12:18:52,151 - sender.py:48 - WARNING - Message sending failed.
2023-11-12 12:18:52,212 - sender.py:48 - WARNING - Message sending failed.
2023-11-12 12:18:52,273 - sender.py:48 - WARNING - Message sending failed.
2023-11-12 12:18:52,422 - sender.py:48 - WARNING - Message sending failed.
2023-11-12 12:18:52,435 - sender.py:48 - WARNING - Message sending failed.
2023-11-12 12:18:52,492 - sender.py:48 - WARNING - Message sending failed.
2023-11-12 12:18:52,549 - sender.py:48 - WARNING - Message sending failed.
2023-11-12 12:18:52,589 - sender.py:48 - WARNING - Message sending failed.
2023-11-12 12:18:52,672 - sender.py:48 - WARNING - Message sending failed.
2023-11-12 12:18:52,695 - sender.py:48 - WARNING - Message sending failed.
2023-11-12 12:18:52,721 - sender.py:48 - WARNING - Message sending failed.
2023-11-12 12:18:52,807 - sender.py:48 - WARNING - Message sending failed.
2023-11-12 12:18:52,883 - sender.py:48 - WARNING - Message sending failed.
2023-11-12 12:18:52,906 - sender.py:48 - WARNING - Message sending failed.
2023-11-12 12:18:52,978 - sender.py:48 - WARNING - Message sending failed.
2023-11-12 12:18:52,989 - sender.py:48 - WARNING - Message sending failed.
2023-11-12 12:18:53,001 - sender.py:48 - WARNING - Message sending failed.
2023-11-12 12:18:53,048 - sender.py:48 - WARNING - Message sending failed.
2023-11-12 12:18:53,057 - sender.py:48 - WARNING - Message sending failed.
2023-11-12 12:18:53,069 - sender.py:48 - WARNING - Message sending failed.
2023-11-12 12:18:53,085 - sender.py:48 - WARNING - Message sending failed.
2023-11-12 12:18:53,169 - sender.py:48 - WARNING - Message sending failed.
2023-11-12 12:18:53,196 - sender.py:48 - WARNING - Message sending failed.
2023-11-12 12:18:53,256 - sender.py:48 - WARNING - Message sending failed.
2023-11-12 12:18:53,316 - sender.py:48 - WARNING - Message sending failed.
2023-11-12 12:18:53,447 - sender.py:48 - WARNING - Message sending failed.
2023-11-12 12:18:53,480 - sender.py:48 - WARNING - Message sending failed.
2023-11-12 12:18:53,519 - sender.py:48 - WARNING - Message sending failed.
2023-11-12 12:18:53,649 - sender.py:48 - WARNING - Message sending failed.
2023-11-12 12:18:53,726 - sender.py:48 - WARNING - Message sending failed.
2023-11-12 12:18:53,736 - sender.py:48 - WARNING - Message sending failed.
2023-11-12 12:18:53,746 - sender.py:48 - WARNING - Message sending failed.
2023-11-12 12:18:53,834 - sender.py:48 - WARNING - Message sending failed.
2023-11-12 12:18:53,848 - sender.py:48 - WARNING - Message sending failed.
2023-11-12 12:18:53,929 - sender.py:48 - WARNING - Message sending failed.
2023-11-12 12:18:53,941 - sender.py:48 - WARNING - Message sending failed.
2023-11-12 12:18:53,969 - sender.py:48 - WARNING - Message sending failed.
2023-11-12 12:18:54,002 - sender.py:48 - WARNING - Message sending failed.
2023-11-12 12:18:54,014 - sender.py:48 - WARNING - Message sending failed.
2023-11-12 12:18:54,038 - sender.py:48 - WARNING - Message sending failed.
2023-11-12 12:18:54,087 - sender.py:48 - WARNING - Message sending failed.
2023-11-12 12:18:54,100 - sender.py:48 - WARNING - Message sending failed.
2023-11-12 12:18:54,113 - sender.py:48 - WARNING - Message sending failed.
2023-11-12 12:18:54,124 - sender.py:48 - WARNING - Message sending failed.
2023-11-12 12:18:54,144 - sender.py:48 - WARNING - Message sending failed.
2023-11-12 12:18:54,183 - sender.py:48 - WARNING - Message sending failed.
2023-11-12 12:18:54,231 - sender.py:48 - WARNING - Message sending failed.
2023-11-12 12:18:54,278 - sender.py:48 - WARNING - Message sending failed.
2023-11-12 12:18:54,351 - sender.py:48 - WARNING - Message sending failed.
2023-11-12 12:18:54,383 - sender.py:48 - WARNING - Message sending failed.
2023-11-12 12:18:54,423 - sender.py:48 - WARNING - Message sending failed.
2023-11-12 12:18:54,447 - sender.py:48 - WARNING - Message sending failed.
2023-11-12 12:18:54,482 - sender.py:48 - WARNING - Message sending failed.
2023-11-12 12:18:54,521 - sender.py:48 - WARNING - Message sending failed.
2023-11-12 12:18:54,596 - sender.py:48 - WARNING - Message sending failed.
2023-11-12 12:18:54,607 - sender.py:48 - WARNING - Message sending failed.
2023-11-12 12:18:54,616 - sender.py:48 - WARNING - Message sending failed.
2023-11-12 12:18:54,655 - sender.py:48 - WARNING - Message sending failed.
2023-11-12 12:18:54,681 - sender.py:48 - WARNING - Message sending failed.
2023-11-12 12:18:54,690 - sender.py:48 - WARNING - Message sending failed.
2023-11-12 12:18:54,738 - sender.py:48 - WARNING - Message sending failed.
2023-11-12 12:18:54,749 - sender.py:48 - WARNING - Message sending failed.
2023-11-12 12:18:54,762 - sender.py:48 - WARNING - Message sending failed.
2023-11-12 12:18:54,775 - sender.py:48 - WARNING - Message sending failed.
2023-11-12 12:18:54,799 - sender.py:48 - WARNING - Message sending failed.
2023-11-12 12:18:54,909 - sender.py:48 - WARNING - Message sending failed.
2023-11-12 12:18:54,930 - sender.py:48 - WARNING - Message sending failed.
2023-11-12 12:18:55,002 - sender.py:48 - WARNING - Message sending failed.
2023-11-12 12:18:55,047 - sender.py:48 - WARNING - Message sending failed.
2023-11-12 12:18:55,060 - sender.py:48 - WARNING - Message sending failed.
2023-11-12 12:18:55,073 - sender.py:48 - WARNING - Message sending failed.
2023-11-12 12:18:55,097 - sender.py:48 - WARNING - Message sending failed.
2023-11-12 12:18:55,132 - sender.py:48 - WARNING - Message sending failed.
2023-11-12 12:18:55,169 - sender.py:48 - WARNING - Message sending failed.
2023-11-12 12:18:55,178 - sender.py:48 - WARNING - Message sending failed.
2023-11-12 12:18:55,250 - sender.py:48 - WARNING - Message sending failed.
2023-11-12 12:18:55,261 - sender.py:48 - WARNING - Message sending failed.
2023-11-12 12:18:55,288 - sender.py:48 - WARNING - Message sending failed.
2023-11-12 12:18:55,355 - sender.py:48 - WARNING - Message sending failed.
2023-11-12 12:18:55,368 - sender.py:48 - WARNING - Message sending failed.
2023-11-12 12:18:55,380 - sender.py:48 - WARNING - Message sending failed.
2023-11-12 12:18:55,406 - sender.py:48 - WARNING - Message sending failed.
2023-11-12 12:18:55,420 - sender.py:48 - WARNING - Message sending failed.
2023-11-12 12:18:55,432 - sender.py:48 - WARNING - Message sending failed.
2023-11-12 12:18:55,443 - sender.py:48 - WARNING - Message sending failed.
2023-11-12 12:18:55,477 - sender.py:48 - WARNING - Message sending failed.
2023-11-12 12:18:55,501 - sender.py:48 - WARNING - Message sending failed.
2023-11-12 12:18:55,527 - sender.py:48 - WARNING - Message sending failed.
2023-11-12 12:18:55,549 - sender.py:48 - WARNING - Message sending failed.
2023-11-12 12:18:55,600 - sender.py:48 - WARNING - Message sending failed.
2023-11-12 12:18:55,647 - sender.py:48 - WARNING - Message sending failed.
2023-11-12 12:18:55,695 - sender.py:48 - WARNING - Message sending failed.
2023-11-12 12:18:55,820 - sender.py:48 - WARNING - Message sending failed.
2023-11-12 12:18:55,831 - sender.py:48 - WARNING - Message sending failed.
2023-11-12 12:18:55,855 - sender.py:48 - WARNING - Message sending failed.
2023-11-12 12:18:55,868 - sender.py:48 - WARNING - Message sending failed.
2023-11-12 12:18:55,888 - sender.py:48 - WARNING - Message sending failed.
2023-11-12 12:18:55,913 - sender.py:48 - WARNING - Message sending failed.
2023-11-12 12:18:55,937 - sender.py:48 - WARNING - Message sending failed.
2023-11-12 12:18:55,987 - sender.py:48 - WARNING - Message sending failed.
2023-11-12 12:18:56,267 - sender.py:48 - WARNING - Message sending failed.
2023-11-12 12:18:56,294 - sender.py:48 - WARNING - Message sending failed.
2023-11-12 12:18:56,403 - sender.py:48 - WARNING - Message sending failed.
2023-11-12 12:18:56,438 - sender.py:48 - WARNING - Message sending failed.
2023-11-12 12:18:56,450 - sender.py:48 - WARNING - Message sending failed.
2023-11-12 12:18:56,488 - sender.py:48 - WARNING - Message sending failed.
2023-11-12 12:18:56,512 - sender.py:48 - WARNING - Message sending failed.
2023-11-12 12:18:56,538 - sender.py:48 - WARNING - Message sending failed.
2023-11-12 12:18:56,561 - sender.py:48 - WARNING - Message sending failed.
2023-11-12 12:18:56,729 - sender.py:48 - WARNING - Message sending failed.
2023-11-12 12:18:56,741 - sender.py:48 - WARNING - Message sending failed.
2023-11-12 12:18:56,752 - sender.py:48 - WARNING - Message sending failed.
2023-11-12 12:18:56,787 - sender.py:48 - WARNING - Message sending failed.
2023-11-12 12:18:56,813 - sender.py:48 - WARNING - Message sending failed.
2023-11-12 12:18:56,825 - sender.py:48 - WARNING - Message sending failed.
2023-11-12 12:18:56,848 - sender.py:48 - WARNING - Message sending failed.
2023-11-12 12:18:56,887 - sender.py:48 - WARNING - Message sending failed.
2023-11-12 12:18:56,907 - sender.py:48 - WARNING - Message sending failed.
2023-11-12 12:18:56,933 - sender.py:48 - WARNING - Message sending failed.
2023-11-12 12:18:56,959 - sender.py:48 - WARNING - Message sending failed.
2023-11-12 12:18:56,971 - sender.py:48 - WARNING - Message sending failed.
2023-11-12 12:18:56,996 - sender.py:48 - WARNING - Message sending failed.
2023-11-12 12:18:57,080 - sender.py:48 - WARNING - Message sending failed.
2023-11-12 12:18:57,175 - sender.py:48 - WARNING - Message sending failed.
2023-11-12 12:18:57,187 - sender.py:48 - WARNING - Message sending failed.
2023-11-12 12:18:57,200 - sender.py:48 - WARNING - Message sending failed.
2023-11-12 12:18:57,212 - sender.py:48 - WARNING - Message sending failed.
2023-11-12 12:18:57,238 - sender.py:48 - WARNING - Message sending failed.
2023-11-12 12:18:57,260 - sender.py:48 - WARNING - Message sending failed.
2023-11-12 12:18:57,297 - sender.py:48 - WARNING - Message sending failed.
2023-11-12 12:18:57,320 - sender.py:48 - WARNING - Message sending failed.
2023-11-12 12:18:57,358 - sender.py:48 - WARNING - Message sending failed.
2023-11-12 12:18:57,443 - sender.py:48 - WARNING - Message sending failed.
2023-11-12 12:18:57,453 - sender.py:48 - WARNING - Message sending failed.
2023-11-12 12:18:57,469 - sender.py:48 - WARNING - Message sending failed.
2023-11-12 12:18:57,494 - sender.py:48 - WARNING - Message sending failed.
2023-11-12 12:18:57,506 - sender.py:48 - WARNING - Message sending failed.
2023-11-12 12:18:57,552 - sender.py:48 - WARNING - Message sending failed.
2023-11-12 12:18:57,606 - sender.py:48 - WARNING - Message sending failed.
2023-11-12 12:18:57,693 - sender.py:48 - WARNING - Message sending failed.
2023-11-12 12:18:57,718 - sender.py:48 - WARNING - Message sending failed.
2023-11-12 12:18:57,753 - sender.py:48 - WARNING - Message sending failed.
2023-11-12 12:18:57,783 - sender.py:48 - WARNING - Message sending failed.
2023-11-12 12:18:57,790 - sender.py:48 - WARNING - Message sending failed.
2023-11-12 12:18:57,814 - sender.py:48 - WARNING - Message sending failed.
2023-11-12 12:18:57,872 - sender.py:48 - WARNING - Message sending failed.
2023-11-12 12:18:57,935 - sender.py:48 - WARNING - Message sending failed.
2023-11-12 12:18:57,996 - sender.py:48 - WARNING - Message sending failed.
2023-11-12 12:18:58,007 - sender.py:48 - WARNING - Message sending failed.
2023-11-12 12:18:58,046 - sender.py:48 - WARNING - Message sending failed.
2023-11-12 12:18:58,056 - sender.py:48 - WARNING - Message sending failed.
2023-11-12 12:18:58,131 - sender.py:48 - WARNING - Message sending failed.
2023-11-12 12:18:58,154 - sender.py:48 - WARNING - Message sending failed.
2023-11-12 12:18:58,167 - sender.py:48 - WARNING - Message sending failed.
2023-11-12 12:18:58,210 - sender.py:48 - WARNING - Message sending failed.
2023-11-12 12:18:58,236 - sender.py:48 - WARNING - Message sending failed.
2023-11-12 12:18:58,250 - sender.py:48 - WARNING - Message sending failed.
2023-11-12 12:18:58,284 - sender.py:48 - WARNING - Message sending failed.
2023-11-12 12:18:58,297 - sender.py:48 - WARNING - Message sending failed.
2023-11-12 12:18:58,358 - sender.py:48 - WARNING - Message sending failed.
2023-11-12 12:18:58,378 - sender.py:48 - WARNING - Message sending failed.
2023-11-12 12:18:58,414 - sender.py:48 - WARNING - Message sending failed.
2023-11-12 12:18:58,451 - sender.py:48 - WARNING - Message sending failed.
2023-11-12 12:18:58,473 - sender.py:48 - WARNING - Message sending failed.
2023-11-12 12:18:58,549 - sender.py:48 - WARNING - Message sending failed.
2023-11-12 12:18:58,570 - sender.py:48 - WARNING - Message sending failed.
2023-11-12 12:18:58,609 - sender.py:48 - WARNING - Message sending failed.
2023-11-12 12:18:58,644 - sender.py:48 - WARNING - Message sending failed.
2023-11-12 12:18:58,665 - sender.py:48 - WARNING - Message sending failed.
2023-11-12 12:18:58,702 - sender.py:48 - WARNING - Message sending failed.
2023-11-12 12:18:58,722 - sender.py:48 - WARNING - Message sending failed.
2023-11-12 12:18:58,796 - sender.py:48 - WARNING - Message sending failed.
2023-11-12 12:18:58,809 - sender.py:48 - WARNING - Message sending failed.
2023-11-12 12:18:58,821 - sender.py:48 - WARNING - Message sending failed.
2023-11-12 12:18:58,872 - sender.py:48 - WARNING - Message sending failed.
2023-11-12 12:18:58,882 - sender.py:48 - WARNING - Message sending failed.
2023-11-12 12:18:58,893 - sender.py:48 - WARNING - Message sending failed.
2023-11-12 12:18:58,918 - sender.py:48 - WARNING - Message sending failed.
2023-11-12 12:18:58,920 - sender.py:48 - WARNING - Message sending failed.
2023-11-12 12:18:58,932 - sender.py:48 - WARNING - Message sending failed.
2023-11-12 12:18:58,988 - sender.py:48 - WARNING - Message sending failed.
2023-11-12 12:18:59,076 - sender.py:48 - WARNING - Message sending failed.
2023-11-12 12:18:59,086 - sender.py:48 - WARNING - Message sending failed.
2023-11-12 12:18:59,187 - sender.py:48 - WARNING - Message sending failed.
2023-11-12 12:18:59,221 - sender.py:48 - WARNING - Message sending failed.
2023-11-12 12:18:59,242 - sender.py:48 - WARNING - Message sending failed.
2023-11-12 12:18:59,281 - sender.py:48 - WARNING - Message sending failed.
2023-11-12 12:18:59,332 - sender.py:48 - WARNING - Message sending failed.
2023-11-12 12:18:59,354 - sender.py:48 - WARNING - Message sending failed.
2023-11-12 12:18:59,381 - sender.py:48 - WARNING - Message sending failed.
2023-11-12 12:18:59,415 - sender.py:48 - WARNING - Message sending failed.
2023-11-12 12:18:59,427 - sender.py:48 - WARNING - Message sending failed.
2023-11-12 12:18:59,451 - sender.py:48 - WARNING - Message sending failed.
2023-11-12 12:18:59,477 - sender.py:48 - WARNING - Message sending failed.
2023-11-12 12:18:59,486 - sender.py:48 - WARNING - Message sending failed.
2023-11-12 12:18:59,497 - sender.py:48 - WARNING - Message sending failed.
2023-11-12 12:18:59,526 - sender.py:48 - WARNING - Message sending failed.
2023-11-12 12:18:59,536 - sender.py:48 - WARNING - Message sending failed.
2023-11-12 12:18:59,547 - sender.py:48 - WARNING - Message sending failed.
2023-11-12 12:18:59,600 - sender.py:48 - WARNING - Message sending failed.
2023-11-12 12:18:59,633 - sender.py:48 - WARNING - Message sending failed.
2023-11-12 12:18:59,647 - sender.py:48 - WARNING - Message sending failed.
2023-11-12 12:18:59,765 - sender.py:48 - WARNING - Message sending failed.
2023-11-12 12:18:59,847 - sender.py:48 - WARNING - Message sending failed.
2023-11-12 12:18:59,864 - sender.py:48 - WARNING - Message sending failed.
2023-11-12 12:18:59,875 - sender.py:48 - WARNING - Message sending failed.
2023-11-12 12:18:59,956 - sender.py:48 - WARNING - Message sending failed.
2023-11-12 12:18:59,971 - sender.py:48 - WARNING - Message sending failed.
2023-11-12 12:18:59,992 - sender.py:48 - WARNING - Message sending failed.
2023-11-12 12:19:00,029 - sender.py:48 - WARNING - Message sending failed.
2023-11-12 12:19:00,038 - sender.py:48 - WARNING - Message sending failed.
2023-11-12 12:19:00,144 - sender.py:48 - WARNING - Message sending failed.
2023-11-12 12:19:00,158 - sender.py:48 - WARNING - Message sending failed.
2023-11-12 12:19:00,254 - sender.py:48 - WARNING - Message sending failed.
2023-11-12 12:19:00,284 - sender.py:48 - WARNING - Message sending failed.
2023-11-12 12:19:00,380 - sender.py:48 - WARNING - Message sending failed.
2023-11-12 12:19:00,460 - sender.py:48 - WARNING - Message sending failed.
2023-11-12 12:19:00,496 - sender.py:48 - WARNING - Message sending failed.
2023-11-12 12:19:00,521 - sender.py:48 - WARNING - Message sending failed.
2023-11-12 12:19:00,533 - sender.py:48 - WARNING - Message sending failed.
2023-11-12 12:19:00,560 - sender.py:48 - WARNING - Message sending failed.
2023-11-12 12:19:00,569 - sender.py:48 - WARNING - Message sending failed.
2023-11-12 12:19:00,639 - sender.py:48 - WARNING - Message sending failed.
2023-11-12 12:19:00,651 - sender.py:48 - WARNING - Message sending failed.
2023-11-12 12:19:00,675 - sender.py:48 - WARNING - Message sending failed.
2023-11-12 12:19:00,710 - sender.py:48 - WARNING - Message sending failed.
2023-11-12 12:19:00,734 - sender.py:48 - WARNING - Message sending failed.
2023-11-12 12:19:00,757 - sender.py:48 - WARNING - Message sending failed.
2023-11-12 12:19:00,769 - sender.py:48 - WARNING - Message sending failed.
2023-11-12 12:19:00,829 - sender.py:48 - WARNING - Message sending failed.
2023-11-12 12:19:00,840 - sender.py:48 - WARNING - Message sending failed.
2023-11-12 12:19:01,037 - sender.py:48 - WARNING - Message sending failed.
2023-11-12 12:19:01,105 - sender.py:48 - WARNING - Message sending failed.
2023-11-12 12:19:01,117 - sender.py:48 - WARNING - Message sending failed.
2023-11-12 12:19:01,141 - sender.py:48 - WARNING - Message sending failed.
2023-11-12 12:19:01,153 - sender.py:48 - WARNING - Message sending failed.
2023-11-12 12:19:01,164 - sender.py:48 - WARNING - Message sending failed.
2023-11-12 12:19:01,201 - sender.py:48 - WARNING - Message sending failed.
2023-11-12 12:19:01,213 - sender.py:48 - WARNING - Message sending failed.
2023-11-12 12:19:01,277 - sender.py:48 - WARNING - Message sending failed.
2023-11-12 12:19:01,313 - sender.py:48 - WARNING - Message sending failed.
2023-11-12 12:19:01,338 - producer.py:38 - INFO - MessageProducer completed.
2023-11-12 12:19:01,339 - sender.py:55 - INFO - MessageSender completed.
2023-11-12 12:19:01,339 - sender.py:55 - INFO - MessageSender completed.
2023-11-12 12:19:01,339 - sender.py:55 - INFO - MessageSender completed.
2023-11-12 12:19:01,353 - progressmonitor.py:72 - INFO - All sender threads have completed processing.
2023-11-12 12:19:01,353 - progressmonitor.py:75 - INFO - ProgressMonitor completed.
2023-11-12 12:19:04,975 - __main__.py:215 - INFO - Main completed.
