2023-11-12 08:15:39,737 - __main__.py:159 - INFO - Main started.
2023-11-12 08:15:39,739 - producer.py:26 - INFO - MessageProducer started.
2023-11-12 08:15:39,739 - sender.py:33 - INFO - MessageSender started.
2023-11-12 08:15:39,739 - sender.py:33 - INFO - MessageSender started.
2023-11-12 08:15:39,739 - sender.py:33 - INFO - MessageSender started.
2023-11-12 08:15:39,739 - progressmonitor.py:27 - INFO - ProgressMonitor started.
2023-11-12 08:15:39,752 - sender.py:48 - WARNING - Message sending failed.
2023-11-12 08:15:39,763 - sender.py:48 - WARNING - Message sending failed.
2023-11-12 08:15:39,777 - sender.py:48 - WARNING - Message sending failed.
2023-11-12 08:15:39,864 - sender.py:48 - WARNING - Message sending failed.
2023-11-12 08:15:39,875 - sender.py:48 - WARNING - Message sending failed.
2023-11-12 08:15:39,888 - sender.py:48 - WARNING - Message sending failed.
2023-11-12 08:15:39,937 - sender.py:48 - WARNING - Message sending failed.
2023-11-12 08:15:39,949 - sender.py:48 - WARNING - Message sending failed.
2023-11-12 08:15:39,974 - sender.py:48 - WARNING - Message sending failed.
2023-11-12 08:15:40,159 - sender.py:48 - WARNING - Message sending failed.
2023-11-12 08:15:40,229 - sender.py:48 - WARNING - Message sending failed.
2023-11-12 08:15:40,245 - sender.py:48 - WARNING - Message sending failed.
2023-11-12 08:15:40,280 - sender.py:48 - WARNING - Message sending failed.
2023-11-12 08:15:40,320 - sender.py:48 - WARNING - Message sending failed.
2023-11-12 08:15:40,328 - sender.py:48 - WARNING - Message sending failed.
2023-11-12 08:15:40,379 - sender.py:48 - WARNING - Message sending failed.
2023-11-12 08:15:40,414 - sender.py:48 - WARNING - Message sending failed.
2023-11-12 08:15:40,450 - sender.py:48 - WARNING - Message sending failed.
2023-11-12 08:15:40,474 - sender.py:48 - WARNING - Message sending failed.
2023-11-12 08:15:40,499 - sender.py:48 - WARNING - Message sending failed.
2023-11-12 08:15:40,512 - sender.py:48 - WARNING - Message sending failed.
2023-11-12 08:15:40,524 - sender.py:48 - WARNING - Message sending failed.
2023-11-12 08:15:40,536 - sender.py:48 - WARNING - Message sending failed.
2023-11-12 08:15:40,585 - sender.py:48 - WARNING - Message sending failed.
2023-11-12 08:15:40,660 - sender.py:48 - WARNING - Message sending failed.
2023-11-12 08:15:40,683 - sender.py:48 - WARNING - Message sending failed.
2023-11-12 08:15:40,719 - sender.py:48 - WARNING - Message sending failed.
2023-11-12 08:15:40,759 - sender.py:48 - WARNING - Message sending failed.
2023-11-12 08:15:40,840 - sender.py:48 - WARNING - Message sending failed.
2023-11-12 08:15:40,927 - sender.py:48 - WARNING - Message sending failed.
2023-11-12 08:15:41,070 - sender.py:48 - WARNING - Message sending failed.
2023-11-12 08:15:41,082 - sender.py:48 - WARNING - Message sending failed.
2023-11-12 08:15:41,095 - sender.py:48 - WARNING - Message sending failed.
2023-11-12 08:15:41,107 - sender.py:48 - WARNING - Message sending failed.
2023-11-12 08:15:41,121 - sender.py:48 - WARNING - Message sending failed.
2023-11-12 08:15:41,130 - sender.py:48 - WARNING - Message sending failed.
2023-11-12 08:15:41,167 - sender.py:48 - WARNING - Message sending failed.
2023-11-12 08:15:41,217 - sender.py:48 - WARNING - Message sending failed.
2023-11-12 08:15:41,278 - sender.py:48 - WARNING - Message sending failed.
2023-11-12 08:15:41,292 - sender.py:48 - WARNING - Message sending failed.
2023-11-12 08:15:41,314 - sender.py:48 - WARNING - Message sending failed.
2023-11-12 08:15:41,328 - sender.py:48 - WARNING - Message sending failed.
2023-11-12 08:15:41,351 - sender.py:48 - WARNING - Message sending failed.
2023-11-12 08:15:41,389 - sender.py:48 - WARNING - Message sending failed.
2023-11-12 08:15:41,402 - sender.py:48 - WARNING - Message sending failed.
2023-11-12 08:15:41,450 - sender.py:48 - WARNING - Message sending failed.
2023-11-12 08:15:41,496 - sender.py:48 - WARNING - Message sending failed.
2023-11-12 08:15:41,522 - sender.py:48 - WARNING - Message sending failed.
2023-11-12 08:15:41,559 - sender.py:48 - WARNING - Message sending failed.
2023-11-12 08:15:41,571 - sender.py:48 - WARNING - Message sending failed.
2023-11-12 08:15:41,704 - sender.py:48 - WARNING - Message sending failed.
2023-11-12 08:15:41,726 - sender.py:48 - WARNING - Message sending failed.
2023-11-12 08:15:41,848 - sender.py:48 - WARNING - Message sending failed.
2023-11-12 08:15:41,933 - sender.py:48 - WARNING - Message sending failed.
2023-11-12 08:15:41,959 - sender.py:48 - WARNING - Message sending failed.
2023-11-12 08:15:41,996 - sender.py:48 - WARNING - Message sending failed.
2023-11-12 08:15:42,009 - sender.py:48 - WARNING - Message sending failed.
2023-11-12 08:15:42,021 - sender.py:48 - WARNING - Message sending failed.
2023-11-12 08:15:42,034 - sender.py:48 - WARNING - Message sending failed.
2023-11-12 08:15:42,044 - sender.py:48 - WARNING - Message sending failed.
2023-11-12 08:15:42,094 - sender.py:48 - WARNING - Message sending failed.
2023-11-12 08:15:42,129 - sender.py:48 - WARNING - Message sending failed.
2023-11-12 08:15:42,177 - sender.py:48 - WARNING - Message sending failed.
2023-11-12 08:15:42,189 - sender.py:48 - WARNING - Message sending failed.
2023-11-12 08:15:42,235 - sender.py:48 - WARNING - Message sending failed.
2023-11-12 08:15:42,270 - sender.py:48 - WARNING - Message sending failed.
2023-11-12 08:15:42,330 - sender.py:48 - WARNING - Message sending failed.
2023-11-12 08:15:42,353 - sender.py:48 - WARNING - Message sending failed.
2023-11-12 08:15:42,392 - sender.py:48 - WARNING - Message sending failed.
2023-11-12 08:15:42,426 - sender.py:48 - WARNING - Message sending failed.
2023-11-12 08:15:42,537 - sender.py:48 - WARNING - Message sending failed.
2023-11-12 08:15:42,562 - sender.py:48 - WARNING - Message sending failed.
2023-11-12 08:15:42,646 - sender.py:48 - WARNING - Message sending failed.
2023-11-12 08:15:42,659 - sender.py:48 - WARNING - Message sending failed.
2023-11-12 08:15:42,672 - sender.py:48 - WARNING - Message sending failed.
2023-11-12 08:15:42,683 - sender.py:48 - WARNING - Message sending failed.
2023-11-12 08:15:42,731 - sender.py:48 - WARNING - Message sending failed.
2023-11-12 08:15:42,769 - sender.py:48 - WARNING - Message sending failed.
2023-11-12 08:15:42,808 - sender.py:48 - WARNING - Message sending failed.
2023-11-12 08:15:42,830 - sender.py:48 - WARNING - Message sending failed.
2023-11-12 08:15:42,857 - sender.py:48 - WARNING - Message sending failed.
2023-11-12 08:15:42,869 - sender.py:48 - WARNING - Message sending failed.
2023-11-12 08:15:42,907 - sender.py:48 - WARNING - Message sending failed.
2023-11-12 08:15:42,967 - sender.py:48 - WARNING - Message sending failed.
2023-11-12 08:15:43,054 - sender.py:48 - WARNING - Message sending failed.
2023-11-12 08:15:43,101 - sender.py:48 - WARNING - Message sending failed.
2023-11-12 08:15:43,127 - sender.py:48 - WARNING - Message sending failed.
2023-11-12 08:15:43,136 - sender.py:48 - WARNING - Message sending failed.
2023-11-12 08:15:43,175 - sender.py:48 - WARNING - Message sending failed.
2023-11-12 08:15:43,186 - sender.py:48 - WARNING - Message sending failed.
2023-11-12 08:15:43,222 - sender.py:48 - WARNING - Message sending failed.
2023-11-12 08:15:43,232 - sender.py:48 - WARNING - Message sending failed.
2023-11-12 08:15:43,382 - sender.py:48 - WARNING - Message sending failed.
2023-11-12 08:15:43,430 - sender.py:48 - WARNING - Message sending failed.
2023-11-12 08:15:43,468 - sender.py:48 - WARNING - Message sending failed.
2023-11-12 08:15:43,478 - sender.py:48 - WARNING - Message sending failed.
2023-11-12 08:15:43,525 - sender.py:48 - WARNING - Message sending failed.
2023-11-12 08:15:43,563 - sender.py:48 - WARNING - Message sending failed.
2023-11-12 08:15:43,576 - sender.py:48 - WARNING - Message sending failed.
2023-11-12 08:15:43,588 - sender.py:48 - WARNING - Message sending failed.
2023-11-12 08:15:43,604 - sender.py:48 - WARNING - Message sending failed.
2023-11-12 08:15:43,626 - sender.py:48 - WARNING - Message sending failed.
2023-11-12 08:15:43,640 - sender.py:48 - WARNING - Message sending failed.
2023-11-12 08:15:43,652 - sender.py:48 - WARNING - Message sending failed.
2023-11-12 08:15:43,687 - sender.py:48 - WARNING - Message sending failed.
2023-11-12 08:15:43,723 - sender.py:48 - WARNING - Message sending failed.
2023-11-12 08:15:43,733 - sender.py:48 - WARNING - Message sending failed.
2023-11-12 08:15:43,743 - sender.py:48 - WARNING - Message sending failed.
2023-11-12 08:15:43,771 - sender.py:48 - WARNING - Message sending failed.
2023-11-12 08:15:43,783 - sender.py:48 - WARNING - Message sending failed.
2023-11-12 08:15:43,807 - sender.py:48 - WARNING - Message sending failed.
2023-11-12 08:15:43,867 - sender.py:48 - WARNING - Message sending failed.
2023-11-12 08:15:43,880 - sender.py:48 - WARNING - Message sending failed.
2023-11-12 08:15:43,912 - sender.py:48 - WARNING - Message sending failed.
2023-11-12 08:15:43,938 - sender.py:48 - WARNING - Message sending failed.
2023-11-12 08:15:43,972 - sender.py:48 - WARNING - Message sending failed.
2023-11-12 08:15:44,032 - sender.py:48 - WARNING - Message sending failed.
2023-11-12 08:15:44,280 - sender.py:48 - WARNING - Message sending failed.
2023-11-12 08:15:44,293 - sender.py:48 - WARNING - Message sending failed.
2023-11-12 08:15:44,317 - sender.py:48 - WARNING - Message sending failed.
2023-11-12 08:15:44,346 - sender.py:48 - WARNING - Message sending failed.
2023-11-12 08:15:44,381 - sender.py:48 - WARNING - Message sending failed.
2023-11-12 08:15:44,392 - sender.py:48 - WARNING - Message sending failed.
2023-11-12 08:15:44,429 - sender.py:48 - WARNING - Message sending failed.
2023-11-12 08:15:44,450 - sender.py:48 - WARNING - Message sending failed.
2023-11-12 08:15:44,464 - sender.py:48 - WARNING - Message sending failed.
2023-11-12 08:15:44,579 - sender.py:48 - WARNING - Message sending failed.
2023-11-12 08:15:44,617 - sender.py:48 - WARNING - Message sending failed.
2023-11-12 08:15:44,641 - sender.py:48 - WARNING - Message sending failed.
2023-11-12 08:15:44,664 - sender.py:48 - WARNING - Message sending failed.
2023-11-12 08:15:44,751 - sender.py:48 - WARNING - Message sending failed.
2023-11-12 08:15:44,776 - sender.py:48 - WARNING - Message sending failed.
2023-11-12 08:15:44,787 - sender.py:48 - WARNING - Message sending failed.
2023-11-12 08:15:44,800 - sender.py:48 - WARNING - Message sending failed.
2023-11-12 08:15:44,813 - sender.py:48 - WARNING - Message sending failed.
2023-11-12 08:15:44,850 - sender.py:48 - WARNING - Message sending failed.
2023-11-12 08:15:44,873 - sender.py:48 - WARNING - Message sending failed.
2023-11-12 08:15:44,923 - sender.py:48 - WARNING - Message sending failed.
2023-11-12 08:15:44,947 - sender.py:48 - WARNING - Message sending failed.
2023-11-12 08:15:44,961 - sender.py:48 - WARNING - Message sending failed.
2023-11-12 08:15:45,022 - sender.py:48 - WARNING - Message sending failed.
2023-11-12 08:15:45,033 - sender.py:48 - WARNING - Message sending failed.
2023-11-12 08:15:45,070 - sender.py:48 - WARNING - Message sending failed.
2023-11-12 08:15:45,131 - sender.py:48 - WARNING - Message sending failed.
2023-11-12 08:15:45,147 - sender.py:48 - WARNING - Message sending failed.
2023-11-12 08:15:45,254 - sender.py:48 - WARNING - Message sending failed.
2023-11-12 08:15:45,268 - sender.py:48 - WARNING - Message sending failed.
2023-11-12 08:15:45,316 - sender.py:48 - WARNING - Message sending failed.
2023-11-12 08:15:45,351 - sender.py:48 - WARNING - Message sending failed.
2023-11-12 08:15:45,390 - sender.py:48 - WARNING - Message sending failed.
2023-11-12 08:15:45,402 - sender.py:48 - WARNING - Message sending failed.
2023-11-12 08:15:45,536 - sender.py:48 - WARNING - Message sending failed.
2023-11-12 08:15:45,644 - sender.py:48 - WARNING - Message sending failed.
2023-11-12 08:15:45,656 - sender.py:48 - WARNING - Message sending failed.
2023-11-12 08:15:45,729 - sender.py:48 - WARNING - Message sending failed.
2023-11-12 08:15:45,741 - sender.py:48 - WARNING - Message sending failed.
2023-11-12 08:15:45,764 - sender.py:48 - WARNING - Message sending failed.
2023-11-12 08:15:45,777 - sender.py:48 - WARNING - Message sending failed.
2023-11-12 08:15:45,801 - sender.py:48 - WARNING - Message sending failed.
2023-11-12 08:15:45,886 - sender.py:48 - WARNING - Message sending failed.
2023-11-12 08:15:45,900 - sender.py:48 - WARNING - Message sending failed.
2023-11-12 08:15:45,913 - sender.py:48 - WARNING - Message sending failed.
2023-11-12 08:15:45,951 - sender.py:48 - WARNING - Message sending failed.
2023-11-12 08:15:46,013 - sender.py:48 - WARNING - Message sending failed.
2023-11-12 08:15:46,024 - sender.py:48 - WARNING - Message sending failed.
2023-11-12 08:15:46,064 - sender.py:48 - WARNING - Message sending failed.
2023-11-12 08:15:46,100 - sender.py:48 - WARNING - Message sending failed.
2023-11-12 08:15:46,137 - sender.py:48 - WARNING - Message sending failed.
2023-11-12 08:15:46,149 - sender.py:48 - WARNING - Message sending failed.
2023-11-12 08:15:46,212 - sender.py:48 - WARNING - Message sending failed.
2023-11-12 08:15:46,223 - sender.py:48 - WARNING - Message sending failed.
2023-11-12 08:15:46,283 - sender.py:48 - WARNING - Message sending failed.
2023-11-12 08:15:46,309 - sender.py:48 - WARNING - Message sending failed.
2023-11-12 08:15:46,391 - sender.py:48 - WARNING - Message sending failed.
2023-11-12 08:15:46,428 - sender.py:48 - WARNING - Message sending failed.
2023-11-12 08:15:46,451 - sender.py:48 - WARNING - Message sending failed.
2023-11-12 08:15:46,486 - sender.py:48 - WARNING - Message sending failed.
2023-11-12 08:15:46,515 - sender.py:48 - WARNING - Message sending failed.
2023-11-12 08:15:46,524 - sender.py:48 - WARNING - Message sending failed.
2023-11-12 08:15:46,573 - sender.py:48 - WARNING - Message sending failed.
2023-11-12 08:15:46,586 - sender.py:48 - WARNING - Message sending failed.
2023-11-12 08:15:46,598 - sender.py:48 - WARNING - Message sending failed.
2023-11-12 08:15:46,717 - sender.py:48 - WARNING - Message sending failed.
2023-11-12 08:15:46,739 - sender.py:48 - WARNING - Message sending failed.
2023-11-12 08:15:46,749 - sender.py:48 - WARNING - Message sending failed.
2023-11-12 08:15:46,789 - sender.py:48 - WARNING - Message sending failed.
2023-11-12 08:15:46,799 - sender.py:48 - WARNING - Message sending failed.
2023-11-12 08:15:46,812 - sender.py:48 - WARNING - Message sending failed.
2023-11-12 08:15:46,849 - sender.py:48 - WARNING - Message sending failed.
2023-11-12 08:15:46,871 - sender.py:48 - WARNING - Message sending failed.
2023-11-12 08:15:46,956 - sender.py:48 - WARNING - Message sending failed.
2023-11-12 08:15:47,037 - sender.py:48 - WARNING - Message sending failed.
2023-11-12 08:15:47,089 - sender.py:48 - WARNING - Message sending failed.
2023-11-12 08:15:47,161 - sender.py:48 - WARNING - Message sending failed.
2023-11-12 08:15:47,196 - sender.py:48 - WARNING - Message sending failed.
2023-11-12 08:15:47,221 - sender.py:48 - WARNING - Message sending failed.
2023-11-12 08:15:47,231 - sender.py:48 - WARNING - Message sending failed.
2023-11-12 08:15:47,257 - sender.py:48 - WARNING - Message sending failed.
2023-11-12 08:15:47,269 - sender.py:48 - WARNING - Message sending failed.
2023-11-12 08:15:47,279 - sender.py:48 - WARNING - Message sending failed.
2023-11-12 08:15:47,401 - sender.py:48 - WARNING - Message sending failed.
2023-11-12 08:15:47,426 - sender.py:48 - WARNING - Message sending failed.
2023-11-12 08:15:47,475 - sender.py:48 - WARNING - Message sending failed.
2023-11-12 08:15:47,513 - sender.py:48 - WARNING - Message sending failed.
2023-11-12 08:15:47,614 - sender.py:48 - WARNING - Message sending failed.
2023-11-12 08:15:47,621 - sender.py:48 - WARNING - Message sending failed.
2023-11-12 08:15:47,644 - sender.py:48 - WARNING - Message sending failed.
2023-11-12 08:15:47,668 - sender.py:48 - WARNING - Message sending failed.
2023-11-12 08:15:47,741 - sender.py:48 - WARNING - Message sending failed.
2023-11-12 08:15:47,770 - sender.py:48 - WARNING - Message sending failed.
2023-11-12 08:15:47,894 - sender.py:48 - WARNING - Message sending failed.
2023-11-12 08:15:48,049 - sender.py:48 - WARNING - Message sending failed.
2023-11-12 08:15:48,100 - sender.py:48 - WARNING - Message sending failed.
2023-11-12 08:15:48,112 - sender.py:48 - WARNING - Message sending failed.
2023-11-12 08:15:48,148 - sender.py:48 - WARNING - Message sending failed.
2023-11-12 08:15:48,164 - sender.py:48 - WARNING - Message sending failed.
2023-11-12 08:15:48,177 - sender.py:48 - WARNING - Message sending failed.
2023-11-12 08:15:48,202 - sender.py:48 - WARNING - Message sending failed.
2023-11-12 08:15:48,249 - sender.py:48 - WARNING - Message sending failed.
2023-11-12 08:15:48,276 - sender.py:48 - WARNING - Message sending failed.
2023-11-12 08:15:48,302 - sender.py:48 - WARNING - Message sending failed.
2023-11-12 08:15:48,399 - sender.py:48 - WARNING - Message sending failed.
2023-11-12 08:15:48,411 - sender.py:48 - WARNING - Message sending failed.
2023-11-12 08:15:48,484 - sender.py:48 - WARNING - Message sending failed.
2023-11-12 08:15:48,509 - sender.py:48 - WARNING - Message sending failed.
2023-11-12 08:15:48,533 - sender.py:48 - WARNING - Message sending failed.
2023-11-12 08:15:48,555 - sender.py:48 - WARNING - Message sending failed.
2023-11-12 08:15:48,615 - sender.py:48 - WARNING - Message sending failed.
2023-11-12 08:15:48,663 - sender.py:48 - WARNING - Message sending failed.
2023-11-12 08:15:48,674 - sender.py:48 - WARNING - Message sending failed.
2023-11-12 08:15:48,687 - sender.py:48 - WARNING - Message sending failed.
2023-11-12 08:15:48,714 - sender.py:48 - WARNING - Message sending failed.
2023-11-12 08:15:48,799 - sender.py:48 - WARNING - Message sending failed.
2023-11-12 08:15:48,812 - sender.py:48 - WARNING - Message sending failed.
2023-11-12 08:15:48,874 - sender.py:48 - WARNING - Message sending failed.
2023-11-12 08:15:48,897 - sender.py:48 - WARNING - Message sending failed.
2023-11-12 08:15:48,922 - sender.py:48 - WARNING - Message sending failed.
2023-11-12 08:15:48,934 - sender.py:48 - WARNING - Message sending failed.
2023-11-12 08:15:49,006 - sender.py:48 - WARNING - Message sending failed.
2023-11-12 08:15:49,091 - sender.py:48 - WARNING - Message sending failed.
2023-11-12 08:15:49,141 - sender.py:48 - WARNING - Message sending failed.
2023-11-12 08:15:49,290 - sender.py:48 - WARNING - Message sending failed.
2023-11-12 08:15:49,327 - sender.py:48 - WARNING - Message sending failed.
2023-11-12 08:15:49,365 - sender.py:48 - WARNING - Message sending failed.
2023-11-12 08:15:49,425 - sender.py:48 - WARNING - Message sending failed.
2023-11-12 08:15:49,461 - sender.py:48 - WARNING - Message sending failed.
2023-11-12 08:15:49,486 - sender.py:48 - WARNING - Message sending failed.
2023-11-12 08:15:49,496 - sender.py:48 - WARNING - Message sending failed.
2023-11-12 08:15:49,551 - sender.py:48 - WARNING - Message sending failed.
2023-11-12 08:15:49,587 - sender.py:48 - WARNING - Message sending failed.
2023-11-12 08:15:49,599 - sender.py:48 - WARNING - Message sending failed.
2023-11-12 08:15:49,633 - sender.py:48 - WARNING - Message sending failed.
2023-11-12 08:15:49,646 - sender.py:48 - WARNING - Message sending failed.
2023-11-12 08:15:49,756 - sender.py:48 - WARNING - Message sending failed.
2023-11-12 08:15:49,829 - sender.py:48 - WARNING - Message sending failed.
2023-11-12 08:15:49,842 - sender.py:48 - WARNING - Message sending failed.
2023-11-12 08:15:49,887 - sender.py:48 - WARNING - Message sending failed.
2023-11-12 08:15:49,901 - sender.py:48 - WARNING - Message sending failed.
2023-11-12 08:15:49,998 - sender.py:48 - WARNING - Message sending failed.
2023-11-12 08:15:50,022 - sender.py:48 - WARNING - Message sending failed.
2023-11-12 08:15:50,060 - sender.py:48 - WARNING - Message sending failed.
2023-11-12 08:15:50,094 - sender.py:48 - WARNING - Message sending failed.
2023-11-12 08:15:50,119 - sender.py:48 - WARNING - Message sending failed.
2023-11-12 08:15:50,146 - sender.py:48 - WARNING - Message sending failed.
2023-11-12 08:15:50,169 - sender.py:48 - WARNING - Message sending failed.
2023-11-12 08:15:50,213 - sender.py:48 - WARNING - Message sending failed.
2023-11-12 08:15:50,230 - sender.py:48 - WARNING - Message sending failed.
2023-11-12 08:15:50,411 - sender.py:48 - WARNING - Message sending failed.
2023-11-12 08:15:50,434 - sender.py:48 - WARNING - Message sending failed.
2023-11-12 08:15:50,444 - sender.py:48 - WARNING - Message sending failed.
2023-11-12 08:15:50,493 - sender.py:48 - WARNING - Message sending failed.
2023-11-12 08:15:50,636 - sender.py:48 - WARNING - Message sending failed.
2023-11-12 08:15:50,671 - sender.py:48 - WARNING - Message sending failed.
2023-11-12 08:15:50,734 - sender.py:48 - WARNING - Message sending failed.
2023-11-12 08:15:50,769 - sender.py:48 - WARNING - Message sending failed.
2023-11-12 08:15:50,793 - sender.py:48 - WARNING - Message sending failed.
2023-11-12 08:15:50,830 - sender.py:48 - WARNING - Message sending failed.
2023-11-12 08:15:50,846 - sender.py:48 - WARNING - Message sending failed.
2023-11-12 08:15:50,868 - sender.py:48 - WARNING - Message sending failed.
2023-11-12 08:15:50,898 - sender.py:48 - WARNING - Message sending failed.
2023-11-12 08:15:50,929 - sender.py:48 - WARNING - Message sending failed.
2023-11-12 08:15:50,977 - sender.py:48 - WARNING - Message sending failed.
2023-11-12 08:15:51,063 - sender.py:48 - WARNING - Message sending failed.
2023-11-12 08:15:51,076 - sender.py:48 - WARNING - Message sending failed.
2023-11-12 08:15:51,208 - sender.py:48 - WARNING - Message sending failed.
2023-11-12 08:15:51,290 - sender.py:48 - WARNING - Message sending failed.
2023-11-12 08:15:51,475 - sender.py:48 - WARNING - Message sending failed.
2023-11-12 08:15:51,523 - sender.py:48 - WARNING - Message sending failed.
2023-11-12 08:15:51,549 - sender.py:48 - WARNING - Message sending failed.
2023-11-12 08:15:51,611 - sender.py:48 - WARNING - Message sending failed.
2023-11-12 08:15:51,627 - sender.py:48 - WARNING - Message sending failed.
2023-11-12 08:15:51,635 - sender.py:48 - WARNING - Message sending failed.
2023-11-12 08:15:51,686 - sender.py:48 - WARNING - Message sending failed.
2023-11-12 08:15:51,698 - sender.py:48 - WARNING - Message sending failed.
2023-11-12 08:15:51,710 - sender.py:48 - WARNING - Message sending failed.
2023-11-12 08:15:51,727 - sender.py:48 - WARNING - Message sending failed.
2023-11-12 08:15:51,756 - sender.py:48 - WARNING - Message sending failed.
2023-11-12 08:15:51,783 - sender.py:48 - WARNING - Message sending failed.
2023-11-12 08:15:51,796 - sender.py:48 - WARNING - Message sending failed.
2023-11-12 08:15:51,817 - sender.py:48 - WARNING - Message sending failed.
2023-11-12 08:15:51,843 - sender.py:48 - WARNING - Message sending failed.
2023-11-12 08:15:51,906 - sender.py:48 - WARNING - Message sending failed.
2023-11-12 08:15:51,931 - producer.py:38 - INFO - MessageProducer completed.
2023-11-12 08:15:51,931 - sender.py:55 - INFO - MessageSender completed.
2023-11-12 08:15:51,931 - sender.py:55 - INFO - MessageSender completed.
2023-11-12 08:15:51,933 - sender.py:55 - INFO - MessageSender completed.
2023-11-12 08:15:51,934 - progressmonitor.py:72 - INFO - All sender threads have completed processing.
2023-11-12 08:15:51,934 - progressmonitor.py:75 - INFO - ProgressMonitor completed.
2023-11-12 08:16:39,340 - __main__.py:215 - INFO - Main completed.
