2023-11-12 08:14:09,751 - __main__.py:159 - INFO - Main started.
2023-11-12 08:14:09,753 - producer.py:26 - INFO - MessageProducer started.
2023-11-12 08:14:09,753 - sender.py:33 - INFO - MessageSender started.
2023-11-12 08:14:09,753 - sender.py:33 - INFO - MessageSender started.
2023-11-12 08:14:09,754 - sender.py:33 - INFO - MessageSender started.
2023-11-12 08:14:09,754 - progressmonitor.py:26 - INFO - ProgressMonitor started.
2023-11-12 08:14:09,776 - sender.py:48 - WARNING - Message sending failed.
2023-11-12 08:14:09,815 - sender.py:48 - WARNING - Message sending failed.
2023-11-12 08:14:09,890 - sender.py:48 - WARNING - Message sending failed.
2023-11-12 08:14:09,916 - sender.py:48 - WARNING - Message sending failed.
2023-11-12 08:14:09,963 - sender.py:48 - WARNING - Message sending failed.
2023-11-12 08:14:09,987 - sender.py:48 - WARNING - Message sending failed.
2023-11-12 08:14:10,036 - sender.py:48 - WARNING - Message sending failed.
2023-11-12 08:14:10,059 - sender.py:48 - WARNING - Message sending failed.
2023-11-12 08:14:10,089 - sender.py:48 - WARNING - Message sending failed.
2023-11-12 08:14:10,170 - sender.py:48 - WARNING - Message sending failed.
2023-11-12 08:14:10,183 - sender.py:48 - WARNING - Message sending failed.
2023-11-12 08:14:10,221 - sender.py:48 - WARNING - Message sending failed.
2023-11-12 08:14:10,245 - sender.py:48 - WARNING - Message sending failed.
2023-11-12 08:14:10,259 - sender.py:48 - WARNING - Message sending failed.
2023-11-12 08:14:10,392 - sender.py:48 - WARNING - Message sending failed.
2023-11-12 08:14:10,405 - sender.py:48 - WARNING - Message sending failed.
2023-11-12 08:14:10,414 - sender.py:48 - WARNING - Message sending failed.
2023-11-12 08:14:10,426 - sender.py:48 - WARNING - Message sending failed.
2023-11-12 08:14:10,439 - sender.py:48 - WARNING - Message sending failed.
2023-11-12 08:14:10,466 - sender.py:48 - WARNING - Message sending failed.
2023-11-12 08:14:10,499 - sender.py:48 - WARNING - Message sending failed.
2023-11-12 08:14:10,523 - sender.py:48 - WARNING - Message sending failed.
2023-11-12 08:14:10,548 - sender.py:48 - WARNING - Message sending failed.
2023-11-12 08:14:10,558 - sender.py:48 - WARNING - Message sending failed.
2023-11-12 08:14:10,583 - sender.py:48 - WARNING - Message sending failed.
2023-11-12 08:14:10,595 - sender.py:48 - WARNING - Message sending failed.
2023-11-12 08:14:10,656 - sender.py:48 - WARNING - Message sending failed.
2023-11-12 08:14:10,672 - sender.py:48 - WARNING - Message sending failed.
2023-11-12 08:14:10,802 - sender.py:48 - WARNING - Message sending failed.
2023-11-12 08:14:10,877 - sender.py:48 - WARNING - Message sending failed.
2023-11-12 08:14:10,933 - sender.py:48 - WARNING - Message sending failed.
2023-11-12 08:14:10,974 - sender.py:48 - WARNING - Message sending failed.
2023-11-12 08:14:10,981 - sender.py:48 - WARNING - Message sending failed.
2023-11-12 08:14:10,996 - sender.py:48 - WARNING - Message sending failed.
2023-11-12 08:14:11,068 - sender.py:48 - WARNING - Message sending failed.
2023-11-12 08:14:11,081 - sender.py:48 - WARNING - Message sending failed.
2023-11-12 08:14:11,105 - sender.py:48 - WARNING - Message sending failed.
2023-11-12 08:14:11,118 - sender.py:48 - WARNING - Message sending failed.
2023-11-12 08:14:11,132 - sender.py:48 - WARNING - Message sending failed.
2023-11-12 08:14:11,156 - sender.py:48 - WARNING - Message sending failed.
2023-11-12 08:14:11,180 - sender.py:48 - WARNING - Message sending failed.
2023-11-12 08:14:11,204 - sender.py:48 - WARNING - Message sending failed.
2023-11-12 08:14:11,240 - sender.py:48 - WARNING - Message sending failed.
2023-11-12 08:14:11,300 - sender.py:48 - WARNING - Message sending failed.
2023-11-12 08:14:11,310 - sender.py:48 - WARNING - Message sending failed.
2023-11-12 08:14:11,348 - sender.py:48 - WARNING - Message sending failed.
2023-11-12 08:14:11,408 - sender.py:48 - WARNING - Message sending failed.
2023-11-12 08:14:11,432 - sender.py:48 - WARNING - Message sending failed.
2023-11-12 08:14:11,446 - sender.py:48 - WARNING - Message sending failed.
2023-11-12 08:14:11,505 - sender.py:48 - WARNING - Message sending failed.
2023-11-12 08:14:11,616 - sender.py:48 - WARNING - Message sending failed.
2023-11-12 08:14:11,652 - sender.py:48 - WARNING - Message sending failed.
2023-11-12 08:14:11,664 - sender.py:48 - WARNING - Message sending failed.
2023-11-12 08:14:11,736 - sender.py:48 - WARNING - Message sending failed.
2023-11-12 08:14:11,771 - sender.py:48 - WARNING - Message sending failed.
2023-11-12 08:14:11,796 - sender.py:48 - WARNING - Message sending failed.
2023-11-12 08:14:11,831 - sender.py:48 - WARNING - Message sending failed.
2023-11-12 08:14:11,859 - sender.py:48 - WARNING - Message sending failed.
2023-11-12 08:14:11,880 - sender.py:48 - WARNING - Message sending failed.
2023-11-12 08:14:11,920 - sender.py:48 - WARNING - Message sending failed.
2023-11-12 08:14:11,990 - sender.py:48 - WARNING - Message sending failed.
2023-11-12 08:14:12,025 - sender.py:48 - WARNING - Message sending failed.
2023-11-12 08:14:12,050 - sender.py:48 - WARNING - Message sending failed.
2023-11-12 08:14:12,125 - sender.py:48 - WARNING - Message sending failed.
2023-11-12 08:14:12,165 - sender.py:48 - WARNING - Message sending failed.
2023-11-12 08:14:12,174 - sender.py:48 - WARNING - Message sending failed.
2023-11-12 08:14:12,226 - sender.py:48 - WARNING - Message sending failed.
2023-11-12 08:14:12,288 - sender.py:48 - WARNING - Message sending failed.
2023-11-12 08:14:12,326 - sender.py:48 - WARNING - Message sending failed.
2023-11-12 08:14:12,375 - sender.py:48 - WARNING - Message sending failed.
2023-11-12 08:14:12,388 - sender.py:48 - WARNING - Message sending failed.
2023-11-12 08:14:12,582 - sender.py:48 - WARNING - Message sending failed.
2023-11-12 08:14:12,592 - sender.py:48 - WARNING - Message sending failed.
2023-11-12 08:14:12,603 - sender.py:48 - WARNING - Message sending failed.
2023-11-12 08:14:12,615 - sender.py:48 - WARNING - Message sending failed.
2023-11-12 08:14:12,665 - sender.py:48 - WARNING - Message sending failed.
2023-11-12 08:14:12,678 - sender.py:48 - WARNING - Message sending failed.
2023-11-12 08:14:12,713 - sender.py:48 - WARNING - Message sending failed.
2023-11-12 08:14:12,821 - sender.py:48 - WARNING - Message sending failed.
2023-11-12 08:14:12,833 - sender.py:48 - WARNING - Message sending failed.
2023-11-12 08:14:12,967 - sender.py:48 - WARNING - Message sending failed.
2023-11-12 08:14:13,003 - sender.py:48 - WARNING - Message sending failed.
2023-11-12 08:14:13,013 - sender.py:48 - WARNING - Message sending failed.
2023-11-12 08:14:13,041 - sender.py:48 - WARNING - Message sending failed.
2023-11-12 08:14:13,156 - sender.py:48 - WARNING - Message sending failed.
2023-11-12 08:14:13,190 - sender.py:48 - WARNING - Message sending failed.
2023-11-12 08:14:13,225 - sender.py:48 - WARNING - Message sending failed.
2023-11-12 08:14:13,288 - sender.py:48 - WARNING - Message sending failed.
2023-11-12 08:14:13,297 - sender.py:48 - WARNING - Message sending failed.
2023-11-12 08:14:13,312 - sender.py:48 - WARNING - Message sending failed.
2023-11-12 08:14:13,445 - sender.py:48 - WARNING - Message sending failed.
2023-11-12 08:14:13,468 - sender.py:48 - WARNING - Message sending failed.
2023-11-12 08:14:13,547 - sender.py:48 - WARNING - Message sending failed.
2023-11-12 08:14:13,556 - sender.py:48 - WARNING - Message sending failed.
2023-11-12 08:14:13,581 - sender.py:48 - WARNING - Message sending failed.
2023-11-12 08:14:13,645 - sender.py:48 - WARNING - Message sending failed.
2023-11-12 08:14:13,658 - sender.py:48 - WARNING - Message sending failed.
2023-11-12 08:14:13,692 - sender.py:48 - WARNING - Message sending failed.
2023-11-12 08:14:13,739 - sender.py:48 - WARNING - Message sending failed.
2023-11-12 08:14:13,782 - sender.py:48 - WARNING - Message sending failed.
2023-11-12 08:14:13,920 - sender.py:48 - WARNING - Message sending failed.
2023-11-12 08:14:13,933 - sender.py:48 - WARNING - Message sending failed.
2023-11-12 08:14:13,983 - sender.py:48 - WARNING - Message sending failed.
2023-11-12 08:14:14,018 - sender.py:48 - WARNING - Message sending failed.
2023-11-12 08:14:14,079 - sender.py:48 - WARNING - Message sending failed.
2023-11-12 08:14:14,117 - sender.py:48 - WARNING - Message sending failed.
2023-11-12 08:14:14,180 - sender.py:48 - WARNING - Message sending failed.
2023-11-12 08:14:14,215 - sender.py:48 - WARNING - Message sending failed.
2023-11-12 08:14:14,242 - sender.py:48 - WARNING - Message sending failed.
2023-11-12 08:14:14,340 - sender.py:48 - WARNING - Message sending failed.
2023-11-12 08:14:14,379 - sender.py:48 - WARNING - Message sending failed.
2023-11-12 08:14:14,391 - sender.py:48 - WARNING - Message sending failed.
2023-11-12 08:14:14,437 - sender.py:48 - WARNING - Message sending failed.
2023-11-12 08:14:14,474 - sender.py:48 - WARNING - Message sending failed.
2023-11-12 08:14:14,496 - sender.py:48 - WARNING - Message sending failed.
2023-11-12 08:14:14,522 - sender.py:48 - WARNING - Message sending failed.
2023-11-12 08:14:14,616 - sender.py:48 - WARNING - Message sending failed.
2023-11-12 08:14:14,667 - sender.py:48 - WARNING - Message sending failed.
2023-11-12 08:14:14,691 - sender.py:48 - WARNING - Message sending failed.
2023-11-12 08:14:14,791 - sender.py:48 - WARNING - Message sending failed.
2023-11-12 08:14:14,829 - sender.py:48 - WARNING - Message sending failed.
2023-11-12 08:14:14,841 - sender.py:48 - WARNING - Message sending failed.
2023-11-12 08:14:14,918 - sender.py:48 - WARNING - Message sending failed.
2023-11-12 08:14:14,937 - sender.py:48 - WARNING - Message sending failed.
2023-11-12 08:14:14,961 - sender.py:48 - WARNING - Message sending failed.
2023-11-12 08:14:14,972 - sender.py:48 - WARNING - Message sending failed.
2023-11-12 08:14:14,999 - sender.py:48 - WARNING - Message sending failed.
2023-11-12 08:14:15,022 - sender.py:48 - WARNING - Message sending failed.
2023-11-12 08:14:15,107 - sender.py:48 - WARNING - Message sending failed.
2023-11-12 08:14:15,181 - sender.py:48 - WARNING - Message sending failed.
2023-11-12 08:14:15,338 - sender.py:48 - WARNING - Message sending failed.
2023-11-12 08:14:15,377 - sender.py:48 - WARNING - Message sending failed.
2023-11-12 08:14:15,448 - sender.py:48 - WARNING - Message sending failed.
2023-11-12 08:14:15,522 - sender.py:48 - WARNING - Message sending failed.
2023-11-12 08:14:15,586 - sender.py:48 - WARNING - Message sending failed.
2023-11-12 08:14:15,610 - sender.py:48 - WARNING - Message sending failed.
2023-11-12 08:14:15,621 - sender.py:48 - WARNING - Message sending failed.
2023-11-12 08:14:15,634 - sender.py:48 - WARNING - Message sending failed.
2023-11-12 08:14:15,742 - sender.py:48 - WARNING - Message sending failed.
2023-11-12 08:14:15,792 - sender.py:48 - WARNING - Message sending failed.
2023-11-12 08:14:15,802 - sender.py:48 - WARNING - Message sending failed.
2023-11-12 08:14:15,841 - sender.py:48 - WARNING - Message sending failed.
2023-11-12 08:14:15,879 - sender.py:48 - WARNING - Message sending failed.
2023-11-12 08:14:16,021 - sender.py:48 - WARNING - Message sending failed.
2023-11-12 08:14:16,107 - sender.py:48 - WARNING - Message sending failed.
2023-11-12 08:14:16,153 - sender.py:48 - WARNING - Message sending failed.
2023-11-12 08:14:16,204 - sender.py:48 - WARNING - Message sending failed.
2023-11-12 08:14:16,215 - sender.py:48 - WARNING - Message sending failed.
2023-11-12 08:14:16,251 - sender.py:48 - WARNING - Message sending failed.
2023-11-12 08:14:16,504 - sender.py:48 - WARNING - Message sending failed.
2023-11-12 08:14:16,544 - sender.py:48 - WARNING - Message sending failed.
2023-11-12 08:14:16,695 - sender.py:48 - WARNING - Message sending failed.
2023-11-12 08:14:16,753 - sender.py:48 - WARNING - Message sending failed.
2023-11-12 08:14:16,791 - sender.py:48 - WARNING - Message sending failed.
2023-11-12 08:14:16,823 - sender.py:48 - WARNING - Message sending failed.
2023-11-12 08:14:16,871 - sender.py:48 - WARNING - Message sending failed.
2023-11-12 08:14:16,895 - sender.py:48 - WARNING - Message sending failed.
2023-11-12 08:14:16,971 - sender.py:48 - WARNING - Message sending failed.
2023-11-12 08:14:17,045 - sender.py:48 - WARNING - Message sending failed.
2023-11-12 08:14:17,058 - sender.py:48 - WARNING - Message sending failed.
2023-11-12 08:14:17,181 - sender.py:48 - WARNING - Message sending failed.
2023-11-12 08:14:17,194 - sender.py:48 - WARNING - Message sending failed.
2023-11-12 08:14:17,243 - sender.py:48 - WARNING - Message sending failed.
2023-11-12 08:14:17,374 - sender.py:48 - WARNING - Message sending failed.
2023-11-12 08:14:17,425 - sender.py:48 - WARNING - Message sending failed.
2023-11-12 08:14:17,437 - sender.py:48 - WARNING - Message sending failed.
2023-11-12 08:14:17,497 - sender.py:48 - WARNING - Message sending failed.
2023-11-12 08:14:17,617 - sender.py:48 - WARNING - Message sending failed.
2023-11-12 08:14:17,666 - sender.py:48 - WARNING - Message sending failed.
2023-11-12 08:14:17,776 - sender.py:48 - WARNING - Message sending failed.
2023-11-12 08:14:17,812 - sender.py:48 - WARNING - Message sending failed.
2023-11-12 08:14:17,906 - sender.py:48 - WARNING - Message sending failed.
2023-11-12 08:14:18,010 - sender.py:48 - WARNING - Message sending failed.
2023-11-12 08:14:18,033 - sender.py:48 - WARNING - Message sending failed.
2023-11-12 08:14:18,120 - sender.py:48 - WARNING - Message sending failed.
2023-11-12 08:14:18,153 - sender.py:48 - WARNING - Message sending failed.
2023-11-12 08:14:18,174 - sender.py:48 - WARNING - Message sending failed.
2023-11-12 08:14:18,210 - sender.py:48 - WARNING - Message sending failed.
2023-11-12 08:14:18,223 - sender.py:48 - WARNING - Message sending failed.
2023-11-12 08:14:18,262 - sender.py:48 - WARNING - Message sending failed.
2023-11-12 08:14:18,285 - sender.py:48 - WARNING - Message sending failed.
2023-11-12 08:14:18,344 - sender.py:48 - WARNING - Message sending failed.
2023-11-12 08:14:18,356 - sender.py:48 - WARNING - Message sending failed.
2023-11-12 08:14:18,393 - sender.py:48 - WARNING - Message sending failed.
2023-11-12 08:14:18,514 - sender.py:48 - WARNING - Message sending failed.
2023-11-12 08:14:18,538 - sender.py:48 - WARNING - Message sending failed.
2023-11-12 08:14:18,586 - sender.py:48 - WARNING - Message sending failed.
2023-11-12 08:14:18,635 - sender.py:48 - WARNING - Message sending failed.
2023-11-12 08:14:18,660 - sender.py:48 - WARNING - Message sending failed.
2023-11-12 08:14:18,679 - sender.py:48 - WARNING - Message sending failed.
2023-11-12 08:14:18,694 - sender.py:48 - WARNING - Message sending failed.
2023-11-12 08:14:18,731 - sender.py:48 - WARNING - Message sending failed.
2023-11-12 08:14:18,756 - sender.py:48 - WARNING - Message sending failed.
2023-11-12 08:14:18,781 - sender.py:48 - WARNING - Message sending failed.
2023-11-12 08:14:18,818 - sender.py:48 - WARNING - Message sending failed.
2023-11-12 08:14:18,899 - sender.py:48 - WARNING - Message sending failed.
2023-11-12 08:14:18,913 - sender.py:48 - WARNING - Message sending failed.
2023-11-12 08:14:18,945 - sender.py:48 - WARNING - Message sending failed.
2023-11-12 08:14:19,041 - sender.py:48 - WARNING - Message sending failed.
2023-11-12 08:14:19,079 - sender.py:48 - WARNING - Message sending failed.
2023-11-12 08:14:19,092 - sender.py:48 - WARNING - Message sending failed.
2023-11-12 08:14:19,102 - sender.py:48 - WARNING - Message sending failed.
2023-11-12 08:14:19,141 - sender.py:48 - WARNING - Message sending failed.
2023-11-12 08:14:19,237 - sender.py:48 - WARNING - Message sending failed.
2023-11-12 08:14:19,260 - sender.py:48 - WARNING - Message sending failed.
2023-11-12 08:14:19,321 - sender.py:48 - WARNING - Message sending failed.
2023-11-12 08:14:19,345 - sender.py:48 - WARNING - Message sending failed.
2023-11-12 08:14:19,405 - sender.py:48 - WARNING - Message sending failed.
2023-11-12 08:14:19,469 - sender.py:48 - WARNING - Message sending failed.
2023-11-12 08:14:19,495 - sender.py:48 - WARNING - Message sending failed.
2023-11-12 08:14:19,545 - sender.py:48 - WARNING - Message sending failed.
2023-11-12 08:14:19,565 - sender.py:48 - WARNING - Message sending failed.
2023-11-12 08:14:19,639 - sender.py:48 - WARNING - Message sending failed.
2023-11-12 08:14:19,690 - sender.py:48 - WARNING - Message sending failed.
2023-11-12 08:14:19,702 - sender.py:48 - WARNING - Message sending failed.
2023-11-12 08:14:19,762 - sender.py:48 - WARNING - Message sending failed.
2023-11-12 08:14:19,845 - sender.py:48 - WARNING - Message sending failed.
2023-11-12 08:14:19,871 - sender.py:48 - WARNING - Message sending failed.
2023-11-12 08:14:19,880 - sender.py:48 - WARNING - Message sending failed.
2023-11-12 08:14:19,894 - sender.py:48 - WARNING - Message sending failed.
2023-11-12 08:14:19,945 - sender.py:48 - WARNING - Message sending failed.
2023-11-12 08:14:19,994 - sender.py:48 - WARNING - Message sending failed.
2023-11-12 08:14:20,017 - sender.py:48 - WARNING - Message sending failed.
2023-11-12 08:14:20,078 - sender.py:48 - WARNING - Message sending failed.
2023-11-12 08:14:20,089 - sender.py:48 - WARNING - Message sending failed.
2023-11-12 08:14:20,105 - sender.py:48 - WARNING - Message sending failed.
2023-11-12 08:14:20,140 - sender.py:48 - WARNING - Message sending failed.
2023-11-12 08:14:20,153 - sender.py:48 - WARNING - Message sending failed.
2023-11-12 08:14:20,190 - sender.py:48 - WARNING - Message sending failed.
2023-11-12 08:14:20,200 - sender.py:48 - WARNING - Message sending failed.
2023-11-12 08:14:20,212 - sender.py:48 - WARNING - Message sending failed.
2023-11-12 08:14:20,294 - sender.py:48 - WARNING - Message sending failed.
2023-11-12 08:14:20,319 - sender.py:48 - WARNING - Message sending failed.
2023-11-12 08:14:20,363 - sender.py:48 - WARNING - Message sending failed.
2023-11-12 08:14:20,415 - sender.py:48 - WARNING - Message sending failed.
2023-11-12 08:14:20,463 - sender.py:48 - WARNING - Message sending failed.
2023-11-12 08:14:20,477 - sender.py:48 - WARNING - Message sending failed.
2023-11-12 08:14:20,491 - sender.py:48 - WARNING - Message sending failed.
2023-11-12 08:14:20,511 - sender.py:48 - WARNING - Message sending failed.
2023-11-12 08:14:20,594 - sender.py:48 - WARNING - Message sending failed.
2023-11-12 08:14:20,646 - sender.py:48 - WARNING - Message sending failed.
2023-11-12 08:14:20,673 - sender.py:48 - WARNING - Message sending failed.
2023-11-12 08:14:20,721 - sender.py:48 - WARNING - Message sending failed.
2023-11-12 08:14:20,743 - sender.py:48 - WARNING - Message sending failed.
2023-11-12 08:14:20,767 - sender.py:48 - WARNING - Message sending failed.
2023-11-12 08:14:20,779 - sender.py:48 - WARNING - Message sending failed.
2023-11-12 08:14:20,800 - sender.py:48 - WARNING - Message sending failed.
2023-11-12 08:14:20,831 - sender.py:48 - WARNING - Message sending failed.
2023-11-12 08:14:20,842 - sender.py:48 - WARNING - Message sending failed.
2023-11-12 08:14:20,856 - sender.py:48 - WARNING - Message sending failed.
2023-11-12 08:14:20,891 - sender.py:48 - WARNING - Message sending failed.
2023-11-12 08:14:21,075 - sender.py:48 - WARNING - Message sending failed.
2023-11-12 08:14:21,107 - sender.py:48 - WARNING - Message sending failed.
2023-11-12 08:14:21,119 - sender.py:48 - WARNING - Message sending failed.
2023-11-12 08:14:21,133 - sender.py:48 - WARNING - Message sending failed.
2023-11-12 08:14:21,245 - sender.py:48 - WARNING - Message sending failed.
2023-11-12 08:14:21,369 - sender.py:48 - WARNING - Message sending failed.
2023-11-12 08:14:21,450 - sender.py:48 - WARNING - Message sending failed.
2023-11-12 08:14:21,527 - sender.py:48 - WARNING - Message sending failed.
2023-11-12 08:14:21,703 - sender.py:48 - WARNING - Message sending failed.
2023-11-12 08:14:21,763 - sender.py:48 - WARNING - Message sending failed.
2023-11-12 08:14:21,787 - sender.py:48 - WARNING - Message sending failed.
2023-11-12 08:14:21,848 - sender.py:48 - WARNING - Message sending failed.
2023-11-12 08:14:21,873 - sender.py:48 - WARNING - Message sending failed.
2023-11-12 08:14:21,885 - sender.py:48 - WARNING - Message sending failed.
2023-11-12 08:14:21,948 - sender.py:48 - WARNING - Message sending failed.
2023-11-12 08:14:21,949 - producer.py:38 - INFO - MessageProducer completed.
2023-11-12 08:14:21,949 - sender.py:55 - INFO - MessageSender completed.
2023-11-12 08:14:21,949 - sender.py:55 - INFO - MessageSender completed.
2023-11-12 08:14:21,949 - sender.py:55 - INFO - MessageSender completed.
2023-11-12 08:14:21,954 - progressmonitor.py:71 - INFO - All sender threads have completed processing.
2023-11-12 08:14:21,954 - progressmonitor.py:74 - INFO - ProgressMonitor completed.
2023-11-12 08:15:34,462 - __main__.py:215 - INFO - Main completed.
