2023-11-12 11:35:28,562 - __main__.py:159 - INFO - Main started.
2023-11-12 11:35:28,564 - producer.py:26 - INFO - MessageProducer started.
2023-11-12 11:35:28,564 - sender.py:33 - INFO - MessageSender started.
2023-11-12 11:35:28,564 - sender.py:33 - INFO - MessageSender started.
2023-11-12 11:35:28,565 - sender.py:33 - INFO - MessageSender started.
2023-11-12 11:35:28,565 - progressmonitor.py:27 - INFO - ProgressMonitor started.
2023-11-12 11:35:28,577 - sender.py:48 - WARNING - Message sending failed.
2023-11-12 11:35:28,588 - sender.py:48 - WARNING - Message sending failed.
2023-11-12 11:35:28,610 - sender.py:48 - WARNING - Message sending failed.
2023-11-12 11:35:28,646 - sender.py:48 - WARNING - Message sending failed.
2023-11-12 11:35:28,672 - sender.py:48 - WARNING - Message sending failed.
2023-11-12 11:35:28,719 - sender.py:48 - WARNING - Message sending failed.
2023-11-12 11:35:28,756 - sender.py:48 - WARNING - Message sending failed.
2023-11-12 11:35:28,769 - sender.py:48 - WARNING - Message sending failed.
2023-11-12 11:35:28,802 - sender.py:48 - WARNING - Message sending failed.
2023-11-12 11:35:28,879 - sender.py:48 - WARNING - Message sending failed.
2023-11-12 11:35:28,902 - sender.py:48 - WARNING - Message sending failed.
2023-11-12 11:35:28,964 - sender.py:48 - WARNING - Message sending failed.
2023-11-12 11:35:28,976 - sender.py:48 - WARNING - Message sending failed.
2023-11-12 11:35:28,989 - sender.py:48 - WARNING - Message sending failed.
2023-11-12 11:35:29,038 - sender.py:48 - WARNING - Message sending failed.
2023-11-12 11:35:29,077 - sender.py:48 - WARNING - Message sending failed.
2023-11-12 11:35:29,151 - sender.py:48 - WARNING - Message sending failed.
2023-11-12 11:35:29,165 - sender.py:48 - WARNING - Message sending failed.
2023-11-12 11:35:29,200 - sender.py:48 - WARNING - Message sending failed.
2023-11-12 11:35:29,225 - sender.py:48 - WARNING - Message sending failed.
2023-11-12 11:35:29,298 - sender.py:48 - WARNING - Message sending failed.
2023-11-12 11:35:29,321 - sender.py:48 - WARNING - Message sending failed.
2023-11-12 11:35:29,335 - sender.py:48 - WARNING - Message sending failed.
2023-11-12 11:35:29,348 - sender.py:48 - WARNING - Message sending failed.
2023-11-12 11:35:29,408 - sender.py:48 - WARNING - Message sending failed.
2023-11-12 11:35:29,471 - sender.py:48 - WARNING - Message sending failed.
2023-11-12 11:35:29,547 - sender.py:48 - WARNING - Message sending failed.
2023-11-12 11:35:29,594 - sender.py:48 - WARNING - Message sending failed.
2023-11-12 11:35:29,606 - sender.py:48 - WARNING - Message sending failed.
2023-11-12 11:35:29,632 - sender.py:48 - WARNING - Message sending failed.
2023-11-12 11:35:29,656 - sender.py:48 - WARNING - Message sending failed.
2023-11-12 11:35:29,688 - sender.py:48 - WARNING - Message sending failed.
2023-11-12 11:35:29,727 - sender.py:48 - WARNING - Message sending failed.
2023-11-12 11:35:29,788 - sender.py:48 - WARNING - Message sending failed.
2023-11-12 11:35:29,815 - sender.py:48 - WARNING - Message sending failed.
2023-11-12 11:35:29,827 - sender.py:48 - WARNING - Message sending failed.
2023-11-12 11:35:29,863 - sender.py:48 - WARNING - Message sending failed.
2023-11-12 11:35:29,900 - sender.py:48 - WARNING - Message sending failed.
2023-11-12 11:35:29,937 - sender.py:48 - WARNING - Message sending failed.
2023-11-12 11:35:29,963 - sender.py:48 - WARNING - Message sending failed.
2023-11-12 11:35:29,994 - sender.py:48 - WARNING - Message sending failed.
2023-11-12 11:35:30,007 - sender.py:48 - WARNING - Message sending failed.
2023-11-12 11:35:30,045 - sender.py:48 - WARNING - Message sending failed.
2023-11-12 11:35:30,129 - sender.py:48 - WARNING - Message sending failed.
2023-11-12 11:35:30,168 - sender.py:48 - WARNING - Message sending failed.
2023-11-12 11:35:30,203 - sender.py:48 - WARNING - Message sending failed.
2023-11-12 11:35:30,215 - sender.py:48 - WARNING - Message sending failed.
2023-11-12 11:35:30,299 - sender.py:48 - WARNING - Message sending failed.
2023-11-12 11:35:30,310 - sender.py:48 - WARNING - Message sending failed.
2023-11-12 11:35:30,336 - sender.py:48 - WARNING - Message sending failed.
2023-11-12 11:35:30,363 - sender.py:48 - WARNING - Message sending failed.
2023-11-12 11:35:30,411 - sender.py:48 - WARNING - Message sending failed.
2023-11-12 11:35:30,473 - sender.py:48 - WARNING - Message sending failed.
2023-11-12 11:35:30,645 - sender.py:48 - WARNING - Message sending failed.
2023-11-12 11:35:30,654 - sender.py:48 - WARNING - Message sending failed.
2023-11-12 11:35:30,668 - sender.py:48 - WARNING - Message sending failed.
2023-11-12 11:35:30,692 - sender.py:48 - WARNING - Message sending failed.
2023-11-12 11:35:30,790 - sender.py:48 - WARNING - Message sending failed.
2023-11-12 11:35:30,825 - sender.py:48 - WARNING - Message sending failed.
2023-11-12 11:35:30,891 - sender.py:48 - WARNING - Message sending failed.
2023-11-12 11:35:30,897 - sender.py:48 - WARNING - Message sending failed.
2023-11-12 11:35:30,910 - sender.py:48 - WARNING - Message sending failed.
2023-11-12 11:35:30,923 - sender.py:48 - WARNING - Message sending failed.
2023-11-12 11:35:30,973 - sender.py:48 - WARNING - Message sending failed.
2023-11-12 11:35:31,091 - sender.py:48 - WARNING - Message sending failed.
2023-11-12 11:35:31,141 - sender.py:48 - WARNING - Message sending failed.
2023-11-12 11:35:31,214 - sender.py:48 - WARNING - Message sending failed.
2023-11-12 11:35:31,297 - sender.py:48 - WARNING - Message sending failed.
2023-11-12 11:35:31,324 - sender.py:48 - WARNING - Message sending failed.
2023-11-12 11:35:31,347 - sender.py:48 - WARNING - Message sending failed.
2023-11-12 11:35:31,407 - sender.py:48 - WARNING - Message sending failed.
2023-11-12 11:35:31,420 - sender.py:48 - WARNING - Message sending failed.
2023-11-12 11:35:31,457 - sender.py:48 - WARNING - Message sending failed.
2023-11-12 11:35:31,468 - sender.py:48 - WARNING - Message sending failed.
2023-11-12 11:35:31,531 - sender.py:48 - WARNING - Message sending failed.
2023-11-12 11:35:31,555 - sender.py:48 - WARNING - Message sending failed.
2023-11-12 11:35:31,631 - sender.py:48 - WARNING - Message sending failed.
2023-11-12 11:35:31,708 - sender.py:48 - WARNING - Message sending failed.
2023-11-12 11:35:31,745 - sender.py:48 - WARNING - Message sending failed.
2023-11-12 11:35:31,827 - sender.py:48 - WARNING - Message sending failed.
2023-11-12 11:35:31,851 - sender.py:48 - WARNING - Message sending failed.
2023-11-12 11:35:31,874 - sender.py:48 - WARNING - Message sending failed.
2023-11-12 11:35:31,898 - sender.py:48 - WARNING - Message sending failed.
2023-11-12 11:35:31,936 - sender.py:48 - WARNING - Message sending failed.
2023-11-12 11:35:31,998 - sender.py:48 - WARNING - Message sending failed.
2023-11-12 11:35:32,008 - sender.py:48 - WARNING - Message sending failed.
2023-11-12 11:35:32,070 - sender.py:48 - WARNING - Message sending failed.
2023-11-12 11:35:32,168 - sender.py:48 - WARNING - Message sending failed.
2023-11-12 11:35:32,242 - sender.py:48 - WARNING - Message sending failed.
2023-11-12 11:35:32,250 - sender.py:48 - WARNING - Message sending failed.
2023-11-12 11:35:32,279 - sender.py:48 - WARNING - Message sending failed.
2023-11-12 11:35:32,362 - sender.py:48 - WARNING - Message sending failed.
2023-11-12 11:35:32,373 - sender.py:48 - WARNING - Message sending failed.
2023-11-12 11:35:32,413 - sender.py:48 - WARNING - Message sending failed.
2023-11-12 11:35:32,427 - sender.py:48 - WARNING - Message sending failed.
2023-11-12 11:35:32,436 - sender.py:48 - WARNING - Message sending failed.
2023-11-12 11:35:32,462 - sender.py:48 - WARNING - Message sending failed.
2023-11-12 11:35:32,482 - sender.py:48 - WARNING - Message sending failed.
2023-11-12 11:35:32,494 - sender.py:48 - WARNING - Message sending failed.
2023-11-12 11:35:32,527 - sender.py:48 - WARNING - Message sending failed.
2023-11-12 11:35:32,543 - sender.py:48 - WARNING - Message sending failed.
2023-11-12 11:35:32,593 - sender.py:48 - WARNING - Message sending failed.
2023-11-12 11:35:32,656 - sender.py:48 - WARNING - Message sending failed.
2023-11-12 11:35:32,665 - sender.py:48 - WARNING - Message sending failed.
2023-11-12 11:35:32,699 - sender.py:48 - WARNING - Message sending failed.
2023-11-12 11:35:32,717 - sender.py:48 - WARNING - Message sending failed.
2023-11-12 11:35:32,751 - sender.py:48 - WARNING - Message sending failed.
2023-11-12 11:35:32,872 - sender.py:48 - WARNING - Message sending failed.
2023-11-12 11:35:32,949 - sender.py:48 - WARNING - Message sending failed.
2023-11-12 11:35:33,008 - sender.py:48 - WARNING - Message sending failed.
2023-11-12 11:35:33,093 - sender.py:48 - WARNING - Message sending failed.
2023-11-12 11:35:33,109 - sender.py:48 - WARNING - Message sending failed.
2023-11-12 11:35:33,217 - sender.py:48 - WARNING - Message sending failed.
2023-11-12 11:35:33,229 - sender.py:48 - WARNING - Message sending failed.
2023-11-12 11:35:33,262 - sender.py:48 - WARNING - Message sending failed.
2023-11-12 11:35:33,275 - sender.py:48 - WARNING - Message sending failed.
2023-11-12 11:35:33,296 - sender.py:48 - WARNING - Message sending failed.
2023-11-12 11:35:33,311 - sender.py:48 - WARNING - Message sending failed.
2023-11-12 11:35:33,334 - sender.py:48 - WARNING - Message sending failed.
2023-11-12 11:35:33,369 - sender.py:48 - WARNING - Message sending failed.
2023-11-12 11:35:33,385 - sender.py:48 - WARNING - Message sending failed.
2023-11-12 11:35:33,398 - sender.py:48 - WARNING - Message sending failed.
2023-11-12 11:35:33,411 - sender.py:48 - WARNING - Message sending failed.
2023-11-12 11:35:33,433 - sender.py:48 - WARNING - Message sending failed.
2023-11-12 11:35:33,468 - sender.py:48 - WARNING - Message sending failed.
2023-11-12 11:35:33,505 - sender.py:48 - WARNING - Message sending failed.
2023-11-12 11:35:33,528 - sender.py:48 - WARNING - Message sending failed.
2023-11-12 11:35:33,603 - sender.py:48 - WARNING - Message sending failed.
2023-11-12 11:35:33,685 - sender.py:48 - WARNING - Message sending failed.
2023-11-12 11:35:33,698 - sender.py:48 - WARNING - Message sending failed.
2023-11-12 11:35:33,721 - sender.py:48 - WARNING - Message sending failed.
2023-11-12 11:35:33,779 - sender.py:48 - WARNING - Message sending failed.
2023-11-12 11:35:33,794 - sender.py:48 - WARNING - Message sending failed.
2023-11-12 11:35:33,854 - sender.py:48 - WARNING - Message sending failed.
2023-11-12 11:35:33,866 - sender.py:48 - WARNING - Message sending failed.
2023-11-12 11:35:33,937 - sender.py:48 - WARNING - Message sending failed.
2023-11-12 11:35:33,949 - sender.py:48 - WARNING - Message sending failed.
2023-11-12 11:35:33,974 - sender.py:48 - WARNING - Message sending failed.
2023-11-12 11:35:33,998 - sender.py:48 - WARNING - Message sending failed.
2023-11-12 11:35:34,163 - sender.py:48 - WARNING - Message sending failed.
2023-11-12 11:35:34,197 - sender.py:48 - WARNING - Message sending failed.
2023-11-12 11:35:34,209 - sender.py:48 - WARNING - Message sending failed.
2023-11-12 11:35:34,233 - sender.py:48 - WARNING - Message sending failed.
2023-11-12 11:35:34,298 - sender.py:48 - WARNING - Message sending failed.
2023-11-12 11:35:34,328 - sender.py:48 - WARNING - Message sending failed.
2023-11-12 11:35:34,341 - sender.py:48 - WARNING - Message sending failed.
2023-11-12 11:35:34,368 - sender.py:48 - WARNING - Message sending failed.
2023-11-12 11:35:34,505 - sender.py:48 - WARNING - Message sending failed.
2023-11-12 11:35:34,516 - sender.py:48 - WARNING - Message sending failed.
2023-11-12 11:35:34,551 - sender.py:48 - WARNING - Message sending failed.
2023-11-12 11:35:34,563 - sender.py:48 - WARNING - Message sending failed.
2023-11-12 11:35:34,589 - sender.py:48 - WARNING - Message sending failed.
2023-11-12 11:35:34,612 - sender.py:48 - WARNING - Message sending failed.
2023-11-12 11:35:34,626 - sender.py:48 - WARNING - Message sending failed.
2023-11-12 11:35:34,649 - sender.py:48 - WARNING - Message sending failed.
2023-11-12 11:35:34,699 - sender.py:48 - WARNING - Message sending failed.
2023-11-12 11:35:34,722 - sender.py:48 - WARNING - Message sending failed.
2023-11-12 11:35:34,738 - sender.py:48 - WARNING - Message sending failed.
2023-11-12 11:35:34,747 - sender.py:48 - WARNING - Message sending failed.
2023-11-12 11:35:34,786 - sender.py:48 - WARNING - Message sending failed.
2023-11-12 11:35:34,813 - sender.py:48 - WARNING - Message sending failed.
2023-11-12 11:35:34,848 - sender.py:48 - WARNING - Message sending failed.
2023-11-12 11:35:34,857 - sender.py:48 - WARNING - Message sending failed.
2023-11-12 11:35:34,894 - sender.py:48 - WARNING - Message sending failed.
2023-11-12 11:35:34,902 - sender.py:48 - WARNING - Message sending failed.
2023-11-12 11:35:34,916 - sender.py:48 - WARNING - Message sending failed.
2023-11-12 11:35:34,927 - sender.py:48 - WARNING - Message sending failed.
2023-11-12 11:35:34,963 - sender.py:48 - WARNING - Message sending failed.
2023-11-12 11:35:34,988 - sender.py:48 - WARNING - Message sending failed.
2023-11-12 11:35:35,005 - sender.py:48 - WARNING - Message sending failed.
2023-11-12 11:35:35,075 - sender.py:48 - WARNING - Message sending failed.
2023-11-12 11:35:35,085 - sender.py:48 - WARNING - Message sending failed.
2023-11-12 11:35:35,138 - sender.py:48 - WARNING - Message sending failed.
2023-11-12 11:35:35,147 - sender.py:48 - WARNING - Message sending failed.
2023-11-12 11:35:35,248 - sender.py:48 - WARNING - Message sending failed.
2023-11-12 11:35:35,306 - sender.py:48 - WARNING - Message sending failed.
2023-11-12 11:35:35,330 - sender.py:48 - WARNING - Message sending failed.
2023-11-12 11:35:35,369 - sender.py:48 - WARNING - Message sending failed.
2023-11-12 11:35:35,414 - sender.py:48 - WARNING - Message sending failed.
2023-11-12 11:35:35,461 - sender.py:48 - WARNING - Message sending failed.
2023-11-12 11:35:35,486 - sender.py:48 - WARNING - Message sending failed.
2023-11-12 11:35:35,508 - sender.py:48 - WARNING - Message sending failed.
2023-11-12 11:35:35,532 - sender.py:48 - WARNING - Message sending failed.
2023-11-12 11:35:35,544 - sender.py:48 - WARNING - Message sending failed.
2023-11-12 11:35:35,557 - sender.py:48 - WARNING - Message sending failed.
2023-11-12 11:35:35,640 - sender.py:48 - WARNING - Message sending failed.
2023-11-12 11:35:35,691 - sender.py:48 - WARNING - Message sending failed.
2023-11-12 11:35:35,699 - sender.py:48 - WARNING - Message sending failed.
2023-11-12 11:35:35,793 - sender.py:48 - WARNING - Message sending failed.
2023-11-12 11:35:35,806 - sender.py:48 - WARNING - Message sending failed.
2023-11-12 11:35:35,832 - sender.py:48 - WARNING - Message sending failed.
2023-11-12 11:35:35,845 - sender.py:48 - WARNING - Message sending failed.
2023-11-12 11:35:35,892 - sender.py:48 - WARNING - Message sending failed.
2023-11-12 11:35:35,903 - sender.py:48 - WARNING - Message sending failed.
2023-11-12 11:35:35,976 - sender.py:48 - WARNING - Message sending failed.
2023-11-12 11:35:35,991 - sender.py:48 - WARNING - Message sending failed.
2023-11-12 11:35:36,017 - sender.py:48 - WARNING - Message sending failed.
2023-11-12 11:35:36,041 - sender.py:48 - WARNING - Message sending failed.
2023-11-12 11:35:36,178 - sender.py:48 - WARNING - Message sending failed.
2023-11-12 11:35:36,189 - sender.py:48 - WARNING - Message sending failed.
2023-11-12 11:35:36,239 - sender.py:48 - WARNING - Message sending failed.
2023-11-12 11:35:36,264 - sender.py:48 - WARNING - Message sending failed.
2023-11-12 11:35:36,276 - sender.py:48 - WARNING - Message sending failed.
2023-11-12 11:35:36,287 - sender.py:48 - WARNING - Message sending failed.
2023-11-12 11:35:36,362 - sender.py:48 - WARNING - Message sending failed.
2023-11-12 11:35:36,386 - sender.py:48 - WARNING - Message sending failed.
2023-11-12 11:35:36,398 - sender.py:48 - WARNING - Message sending failed.
2023-11-12 11:35:36,496 - sender.py:48 - WARNING - Message sending failed.
2023-11-12 11:35:36,530 - sender.py:48 - WARNING - Message sending failed.
2023-11-12 11:35:36,540 - sender.py:48 - WARNING - Message sending failed.
2023-11-12 11:35:36,577 - sender.py:48 - WARNING - Message sending failed.
2023-11-12 11:35:36,592 - sender.py:48 - WARNING - Message sending failed.
2023-11-12 11:35:36,650 - sender.py:48 - WARNING - Message sending failed.
2023-11-12 11:35:36,699 - sender.py:48 - WARNING - Message sending failed.
2023-11-12 11:35:36,714 - sender.py:48 - WARNING - Message sending failed.
2023-11-12 11:35:36,725 - sender.py:48 - WARNING - Message sending failed.
2023-11-12 11:35:36,799 - sender.py:48 - WARNING - Message sending failed.
2023-11-12 11:35:36,849 - sender.py:48 - WARNING - Message sending failed.
2023-11-12 11:35:36,894 - sender.py:48 - WARNING - Message sending failed.
2023-11-12 11:35:36,909 - sender.py:48 - WARNING - Message sending failed.
2023-11-12 11:35:36,921 - sender.py:48 - WARNING - Message sending failed.
2023-11-12 11:35:36,931 - sender.py:48 - WARNING - Message sending failed.
2023-11-12 11:35:36,956 - sender.py:48 - WARNING - Message sending failed.
2023-11-12 11:35:36,968 - sender.py:48 - WARNING - Message sending failed.
2023-11-12 11:35:36,993 - sender.py:48 - WARNING - Message sending failed.
2023-11-12 11:35:37,007 - sender.py:48 - WARNING - Message sending failed.
2023-11-12 11:35:37,032 - sender.py:48 - WARNING - Message sending failed.
2023-11-12 11:35:37,082 - sender.py:48 - WARNING - Message sending failed.
2023-11-12 11:35:37,090 - sender.py:48 - WARNING - Message sending failed.
2023-11-12 11:35:37,114 - sender.py:48 - WARNING - Message sending failed.
2023-11-12 11:35:37,136 - sender.py:48 - WARNING - Message sending failed.
2023-11-12 11:35:37,148 - sender.py:48 - WARNING - Message sending failed.
2023-11-12 11:35:37,175 - sender.py:48 - WARNING - Message sending failed.
2023-11-12 11:35:37,188 - sender.py:48 - WARNING - Message sending failed.
2023-11-12 11:35:37,235 - sender.py:48 - WARNING - Message sending failed.
2023-11-12 11:35:37,333 - sender.py:48 - WARNING - Message sending failed.
2023-11-12 11:35:37,368 - sender.py:48 - WARNING - Message sending failed.
2023-11-12 11:35:37,384 - sender.py:48 - WARNING - Message sending failed.
2023-11-12 11:35:37,447 - sender.py:48 - WARNING - Message sending failed.
2023-11-12 11:35:37,452 - sender.py:48 - WARNING - Message sending failed.
2023-11-12 11:35:37,494 - sender.py:48 - WARNING - Message sending failed.
2023-11-12 11:35:37,552 - sender.py:48 - WARNING - Message sending failed.
2023-11-12 11:35:37,577 - sender.py:48 - WARNING - Message sending failed.
2023-11-12 11:35:37,630 - sender.py:48 - WARNING - Message sending failed.
2023-11-12 11:35:37,662 - sender.py:48 - WARNING - Message sending failed.
2023-11-12 11:35:37,675 - sender.py:48 - WARNING - Message sending failed.
2023-11-12 11:35:37,721 - sender.py:48 - WARNING - Message sending failed.
2023-11-12 11:35:37,771 - sender.py:48 - WARNING - Message sending failed.
2023-11-12 11:35:37,809 - sender.py:48 - WARNING - Message sending failed.
2023-11-12 11:35:37,880 - sender.py:48 - WARNING - Message sending failed.
2023-11-12 11:35:37,904 - sender.py:48 - WARNING - Message sending failed.
2023-11-12 11:35:38,052 - sender.py:48 - WARNING - Message sending failed.
2023-11-12 11:35:38,064 - sender.py:48 - WARNING - Message sending failed.
2023-11-12 11:35:38,088 - sender.py:48 - WARNING - Message sending failed.
2023-11-12 11:35:38,160 - sender.py:48 - WARNING - Message sending failed.
2023-11-12 11:35:38,238 - sender.py:48 - WARNING - Message sending failed.
2023-11-12 11:35:38,249 - sender.py:48 - WARNING - Message sending failed.
2023-11-12 11:35:38,260 - sender.py:48 - WARNING - Message sending failed.
2023-11-12 11:35:38,321 - sender.py:48 - WARNING - Message sending failed.
2023-11-12 11:35:38,432 - sender.py:48 - WARNING - Message sending failed.
2023-11-12 11:35:38,447 - sender.py:48 - WARNING - Message sending failed.
2023-11-12 11:35:38,637 - sender.py:48 - WARNING - Message sending failed.
2023-11-12 11:35:38,696 - sender.py:48 - WARNING - Message sending failed.
2023-11-12 11:35:38,732 - sender.py:48 - WARNING - Message sending failed.
2023-11-12 11:35:38,783 - sender.py:48 - WARNING - Message sending failed.
2023-11-12 11:35:38,817 - sender.py:48 - WARNING - Message sending failed.
2023-11-12 11:35:38,879 - sender.py:48 - WARNING - Message sending failed.
2023-11-12 11:35:38,949 - sender.py:48 - WARNING - Message sending failed.
2023-11-12 11:35:38,973 - sender.py:48 - WARNING - Message sending failed.
2023-11-12 11:35:38,983 - sender.py:48 - WARNING - Message sending failed.
2023-11-12 11:35:39,057 - sender.py:48 - WARNING - Message sending failed.
2023-11-12 11:35:39,094 - sender.py:48 - WARNING - Message sending failed.
2023-11-12 11:35:39,107 - sender.py:48 - WARNING - Message sending failed.
2023-11-12 11:35:39,119 - sender.py:48 - WARNING - Message sending failed.
2023-11-12 11:35:39,155 - sender.py:48 - WARNING - Message sending failed.
2023-11-12 11:35:39,179 - sender.py:48 - WARNING - Message sending failed.
2023-11-12 11:35:39,252 - sender.py:48 - WARNING - Message sending failed.
2023-11-12 11:35:39,281 - sender.py:48 - WARNING - Message sending failed.
2023-11-12 11:35:39,350 - sender.py:48 - WARNING - Message sending failed.
2023-11-12 11:35:39,475 - sender.py:48 - WARNING - Message sending failed.
2023-11-12 11:35:39,493 - sender.py:48 - WARNING - Message sending failed.
2023-11-12 11:35:39,521 - sender.py:48 - WARNING - Message sending failed.
2023-11-12 11:35:39,592 - sender.py:48 - WARNING - Message sending failed.
2023-11-12 11:35:39,629 - sender.py:48 - WARNING - Message sending failed.
2023-11-12 11:35:39,762 - sender.py:48 - WARNING - Message sending failed.
2023-11-12 11:35:39,776 - sender.py:48 - WARNING - Message sending failed.
2023-11-12 11:35:39,853 - sender.py:48 - WARNING - Message sending failed.
2023-11-12 11:35:39,906 - sender.py:48 - WARNING - Message sending failed.
2023-11-12 11:35:39,916 - sender.py:48 - WARNING - Message sending failed.
2023-11-12 11:35:39,931 - sender.py:48 - WARNING - Message sending failed.
2023-11-12 11:35:39,974 - sender.py:48 - WARNING - Message sending failed.
2023-11-12 11:35:40,001 - sender.py:48 - WARNING - Message sending failed.
2023-11-12 11:35:40,026 - sender.py:48 - WARNING - Message sending failed.
2023-11-12 11:35:40,051 - sender.py:48 - WARNING - Message sending failed.
2023-11-12 11:35:40,070 - sender.py:48 - WARNING - Message sending failed.
2023-11-12 11:35:40,083 - sender.py:48 - WARNING - Message sending failed.
2023-11-12 11:35:40,104 - sender.py:48 - WARNING - Message sending failed.
2023-11-12 11:35:40,163 - sender.py:48 - WARNING - Message sending failed.
2023-11-12 11:35:40,185 - sender.py:48 - WARNING - Message sending failed.
2023-11-12 11:35:40,233 - sender.py:48 - WARNING - Message sending failed.
2023-11-12 11:35:40,306 - sender.py:48 - WARNING - Message sending failed.
2023-11-12 11:35:40,471 - sender.py:48 - WARNING - Message sending failed.
2023-11-12 11:35:40,543 - sender.py:48 - WARNING - Message sending failed.
2023-11-12 11:35:40,568 - sender.py:48 - WARNING - Message sending failed.
2023-11-12 11:35:40,602 - sender.py:48 - WARNING - Message sending failed.
2023-11-12 11:35:40,725 - producer.py:38 - INFO - MessageProducer completed.
2023-11-12 11:35:40,725 - sender.py:55 - INFO - MessageSender completed.
2023-11-12 11:35:40,726 - sender.py:55 - INFO - MessageSender completed.
2023-11-12 11:35:40,726 - sender.py:48 - WARNING - Message sending failed.
2023-11-12 11:35:40,727 - sender.py:55 - INFO - MessageSender completed.
2023-11-12 11:35:40,728 - progressmonitor.py:72 - INFO - All sender threads have completed processing.
2023-11-12 11:35:40,728 - progressmonitor.py:75 - INFO - ProgressMonitor completed.
2023-11-12 11:43:25,842 - __main__.py:215 - INFO - Main completed.
